{"/home/travis/build/npmtest/node-npmtest-git-fish/test.js":{"path":"/home/travis/build/npmtest/node-npmtest-git-fish/test.js","s":{"1":2,"2":2,"3":2,"4":2,"5":2,"6":2,"7":2,"8":1,"9":2,"10":2,"11":1,"12":1,"13":1,"14":1,"15":2,"16":2,"17":2,"18":2,"19":1,"20":1,"21":2,"22":2,"23":2,"24":1,"25":1,"26":1,"27":1,"28":1,"29":1,"30":1,"31":1,"32":1,"33":1,"34":1,"35":1,"36":1,"37":1,"38":1,"39":2,"40":2,"41":1,"42":2,"43":2,"44":1,"45":2,"46":2,"47":1,"48":2,"49":2,"50":1,"51":1,"52":1,"53":1,"54":1},"b":{"1":[2,1,1,1],"2":[1,1,1,1],"3":[1,1],"4":[1,1],"5":[1,1],"6":[1,1],"7":[1,1],"8":[1,1],"9":[1,1],"10":[1,1,1],"11":[1,1],"12":[1,1],"13":[1,1],"14":[1,1],"15":[1,1],"16":[1,1],"17":[1,1]},"f":{"1":2,"2":2,"3":2,"4":2,"5":2,"6":1,"7":1,"8":1,"9":2,"10":2,"11":2,"12":2,"13":1},"fnMap":{"1":{"name":"(anonymous_1)","line":12,"loc":{"start":{"line":12,"column":1},"end":{"line":12,"column":13}}},"2":{"name":"(anonymous_2)","line":19,"loc":{"start":{"line":19,"column":5},"end":{"line":19,"column":17}}},"3":{"name":"(anonymous_3)","line":23,"loc":{"start":{"line":23,"column":24},"end":{"line":23,"column":36}}},"4":{"name":"(anonymous_4)","line":61,"loc":{"start":{"line":61,"column":5},"end":{"line":61,"column":17}}},"5":{"name":"(anonymous_5)","line":82,"loc":{"start":{"line":82,"column":5},"end":{"line":82,"column":17}}},"6":{"name":"(anonymous_6)","line":91,"loc":{"start":{"line":91,"column":77},"end":{"line":94,"column":10}}},"7":{"name":"(anonymous_7)","line":112,"loc":{"start":{"line":112,"column":83},"end":{"line":115,"column":10}},"skip":true},"8":{"name":"(anonymous_8)","line":123,"loc":{"start":{"line":123,"column":77},"end":{"line":126,"column":10}},"skip":true},"9":{"name":"(anonymous_9)","line":139,"loc":{"start":{"line":139,"column":12},"end":{"line":139,"column":40}},"skip":true},"10":{"name":"(anonymous_10)","line":147,"loc":{"start":{"line":147,"column":77},"end":{"line":150,"column":10}},"skip":true},"11":{"name":"(anonymous_11)","line":158,"loc":{"start":{"line":158,"column":83},"end":{"line":161,"column":10}},"skip":true},"12":{"name":"(anonymous_12)","line":169,"loc":{"start":{"line":169,"column":79},"end":{"line":172,"column":10}},"skip":true},"13":{"name":"(anonymous_13)","line":180,"loc":{"start":{"line":180,"column":75},"end":{"line":183,"column":10}},"skip":true}},"statementMap":{"1":{"start":{"line":12,"column":0},"end":{"line":195,"column":5}},"2":{"start":{"line":14,"column":4},"end":{"line":14,"column":14}},"3":{"start":{"line":19,"column":4},"end":{"line":56,"column":9}},"4":{"start":{"line":21,"column":8},"end":{"line":21,"column":19}},"5":{"start":{"line":23,"column":8},"end":{"line":35,"column":13}},"6":{"start":{"line":24,"column":12},"end":{"line":34,"column":13}},"7":{"start":{"line":25,"column":16},"end":{"line":28,"column":30}},"8":{"start":{"line":30,"column":16},"end":{"line":33,"column":27}},"9":{"start":{"line":37,"column":8},"end":{"line":39,"column":21}},"10":{"start":{"line":40,"column":8},"end":{"line":53,"column":9}},"11":{"start":{"line":43,"column":12},"end":{"line":46,"column":14}},"12":{"start":{"line":47,"column":12},"end":{"line":47,"column":18}},"13":{"start":{"line":50,"column":12},"end":{"line":51,"column":33}},"14":{"start":{"line":52,"column":12},"end":{"line":52,"column":18}},"15":{"start":{"line":55,"column":8},"end":{"line":55,"column":35}},"16":{"start":{"line":61,"column":4},"end":{"line":63,"column":9}},"17":{"start":{"line":62,"column":8},"end":{"line":62,"column":15}},"18":{"start":{"line":64,"column":4},"end":{"line":77,"column":5}},"19":{"start":{"line":70,"column":8},"end":{"line":70,"column":14}},"20":{"start":{"line":76,"column":8},"end":{"line":76,"column":14}},"21":{"start":{"line":82,"column":4},"end":{"line":84,"column":9}},"22":{"start":{"line":83,"column":8},"end":{"line":83,"column":15}},"23":{"start":{"line":85,"column":4},"end":{"line":194,"column":5}},"24":{"start":{"line":91,"column":8},"end":{"line":99,"column":10}},"25":{"start":{"line":98,"column":12},"end":{"line":98,"column":35}},"26":{"start":{"line":102,"column":8},"end":{"line":104,"column":63}},"27":{"start":{"line":105,"column":8},"end":{"line":105,"column":14}},"28":{"start":{"line":112,"column":8},"end":{"line":121,"column":10},"skip":true},"29":{"start":{"line":119,"column":12},"end":{"line":119,"column":55},"skip":true},"30":{"start":{"line":120,"column":12},"end":{"line":120,"column":48},"skip":true},"31":{"start":{"line":123,"column":8},"end":{"line":136,"column":10},"skip":true},"32":{"start":{"line":130,"column":12},"end":{"line":130,"column":76},"skip":true},"33":{"start":{"line":131,"column":12},"end":{"line":131,"column":73},"skip":true},"34":{"start":{"line":132,"column":12},"end":{"line":132,"column":74},"skip":true},"35":{"start":{"line":133,"column":12},"end":{"line":133,"column":79},"skip":true},"36":{"start":{"line":134,"column":12},"end":{"line":134,"column":25},"skip":true},"37":{"start":{"line":135,"column":12},"end":{"line":135,"column":45},"skip":true},"38":{"start":{"line":138,"column":8},"end":{"line":145,"column":14},"skip":true},"39":{"start":{"line":143,"column":16},"end":{"line":143,"column":29},"skip":true},"40":{"start":{"line":144,"column":16},"end":{"line":144,"column":55},"skip":true},"41":{"start":{"line":147,"column":8},"end":{"line":156,"column":10},"skip":true},"42":{"start":{"line":154,"column":12},"end":{"line":154,"column":25},"skip":true},"43":{"start":{"line":155,"column":12},"end":{"line":155,"column":45},"skip":true},"44":{"start":{"line":158,"column":8},"end":{"line":167,"column":10},"skip":true},"45":{"start":{"line":165,"column":12},"end":{"line":165,"column":25},"skip":true},"46":{"start":{"line":166,"column":12},"end":{"line":166,"column":48},"skip":true},"47":{"start":{"line":169,"column":8},"end":{"line":178,"column":10},"skip":true},"48":{"start":{"line":176,"column":12},"end":{"line":176,"column":25},"skip":true},"49":{"start":{"line":177,"column":12},"end":{"line":177,"column":46},"skip":true},"50":{"start":{"line":180,"column":8},"end":{"line":189,"column":10},"skip":true},"51":{"start":{"line":187,"column":12},"end":{"line":187,"column":94},"skip":true},"52":{"start":{"line":188,"column":12},"end":{"line":188,"column":48},"skip":true},"53":{"start":{"line":192,"column":8},"end":{"line":192,"column":35},"skip":true},"54":{"start":{"line":193,"column":8},"end":{"line":193,"column":14},"skip":true}},"branchMap":{"1":{"line":25,"type":"binary-expr","locations":[{"start":{"line":25,"column":23},"end":{"line":25,"column":62}},{"start":{"line":26,"column":20},"end":{"line":26,"column":70}},{"start":{"line":27,"column":20},"end":{"line":27,"column":71}},{"start":{"line":28,"column":20},"end":{"line":28,"column":29}}]},"2":{"line":30,"type":"binary-expr","locations":[{"start":{"line":30,"column":23},"end":{"line":30,"column":37}},{"start":{"line":31,"column":20},"end":{"line":31,"column":61}},{"start":{"line":32,"column":20},"end":{"line":32,"column":70}},{"start":{"line":33,"column":20},"end":{"line":33,"column":26}}]},"3":{"line":37,"type":"cond-expr","locations":[{"start":{"line":38,"column":14},"end":{"line":38,"column":20}},{"start":{"line":39,"column":14},"end":{"line":39,"column":20}}]},"4":{"line":40,"type":"switch","locations":[{"start":{"line":42,"column":8},"end":{"line":47,"column":18}},{"start":{"line":49,"column":8},"end":{"line":52,"column":18}}]},"5":{"line":44,"type":"binary-expr","locations":[{"start":{"line":44,"column":16},"end":{"line":44,"column":44}},{"start":{"line":44,"column":48},"end":{"line":44,"column":66}}]},"6":{"line":50,"type":"binary-expr","locations":[{"start":{"line":50,"column":21},"end":{"line":50,"column":49}},{"start":{"line":50,"column":53},"end":{"line":50,"column":72}}]},"7":{"line":64,"type":"switch","locations":[{"start":{"line":69,"column":4},"end":{"line":70,"column":14}},{"start":{"line":75,"column":4},"end":{"line":76,"column":14}}]},"8":{"line":85,"type":"switch","locations":[{"start":{"line":90,"column":4},"end":{"line":105,"column":14}},{"start":{"line":111,"column":4},"end":{"line":193,"column":14},"skip":true}]},"9":{"line":91,"type":"binary-expr","locations":[{"start":{"line":91,"column":42},"end":{"line":91,"column":73}},{"start":{"line":91,"column":77},"end":{"line":99,"column":9}}]},"10":{"line":102,"type":"binary-expr","locations":[{"start":{"line":102,"column":18},"end":{"line":102,"column":32}},{"start":{"line":103,"column":12},"end":{"line":103,"column":53}},{"start":{"line":104,"column":12},"end":{"line":104,"column":61}}]},"11":{"line":112,"type":"binary-expr","locations":[{"start":{"line":112,"column":45},"end":{"line":112,"column":79},"skip":true},{"start":{"line":112,"column":83},"end":{"line":121,"column":9},"skip":true}]},"12":{"line":123,"type":"binary-expr","locations":[{"start":{"line":123,"column":42},"end":{"line":123,"column":73},"skip":true},{"start":{"line":123,"column":77},"end":{"line":136,"column":9},"skip":true}]},"13":{"line":138,"type":"binary-expr","locations":[{"start":{"line":138,"column":48},"end":{"line":138,"column":85},"skip":true},{"start":{"line":139,"column":12},"end":{"line":145,"column":13},"skip":true}]},"14":{"line":147,"type":"binary-expr","locations":[{"start":{"line":147,"column":42},"end":{"line":147,"column":73},"skip":true},{"start":{"line":147,"column":77},"end":{"line":156,"column":9},"skip":true}]},"15":{"line":158,"type":"binary-expr","locations":[{"start":{"line":158,"column":45},"end":{"line":158,"column":79},"skip":true},{"start":{"line":158,"column":83},"end":{"line":167,"column":9},"skip":true}]},"16":{"line":169,"type":"binary-expr","locations":[{"start":{"line":169,"column":43},"end":{"line":169,"column":75},"skip":true},{"start":{"line":169,"column":79},"end":{"line":178,"column":9},"skip":true}]},"17":{"line":180,"type":"binary-expr","locations":[{"start":{"line":180,"column":41},"end":{"line":180,"column":71},"skip":true},{"start":{"line":180,"column":75},"end":{"line":189,"column":9},"skip":true}]}},"code":["/* istanbul instrument in package npmtest_git_fish */","/*jslint","    bitwise: true,","    browser: true,","    maxerr: 8,","    maxlen: 96,","    node: true,","    nomen: true,","    regexp: true,","    stupid: true","*/","(function () {","    'use strict';","    var local;","","","","    // run shared js-env code - init-before","    (function () {","        // init local","        local = {};","        // init modeJs","        local.modeJs = (function () {","            try {","                return typeof navigator.userAgent === 'string' &&","                    typeof document.querySelector('body') === 'object' &&","                    typeof XMLHttpRequest.prototype.open === 'function' &&","                    'browser';","            } catch (errorCaughtBrowser) {","                return module.exports &&","                    typeof process.versions.node === 'string' &&","                    typeof require('http').createServer === 'function' &&","                    'node';","            }","        }());","        // init global","        local.global = local.modeJs === 'browser'","            ? window","            : global;","        switch (local.modeJs) {","        // re-init local from window.local","        case 'browser':","            local = local.global.utility2.objectSetDefault(","                local.global.utility2_rollup || local.global.local,","                local.global.utility2","            );","            break;","        // re-init local from example.js","        case 'node':","            local = (local.global.utility2_rollup || require('utility2'))","                .requireReadme();","            break;","        }","        // export local","        local.global.local = local;","    }());","","","","    // run shared js-env code - function","    (function () {","        return;","    }());","    switch (local.modeJs) {","","","","    // run browser js-env code - function","    case 'browser':","        break;","","","","    // run node js-env code - function","    case 'node':","        break;","    }","","","","    // run shared js-env code - init-after","    (function () {","        return;","    }());","    switch (local.modeJs) {","","","","    // run browser js-env code - init-after","    case 'browser':","        local.testCase_browser_nullCase = local.testCase_browser_nullCase || function (","            options,","            onError","        ) {","        /*","         * this function will test browsers's null-case handling-behavior-behavior","         */","            onError(null, options);","        };","","        // run tests","        local.nop(local.modeTest &&","            document.querySelector('#testRunButton1') &&","            document.querySelector('#testRunButton1').click());","        break;","","","","    // run node js-env code - init-after","    /* istanbul ignore next */","    case 'node':","        local.testCase_buildApidoc_default = local.testCase_buildApidoc_default || function (","            options,","            onError","        ) {","        /*","         * this function will test buildApidoc's default handling-behavior-behavior","         */","            options = { modulePathList: module.paths };","            local.buildApidoc(options, onError);","        };","","        local.testCase_buildApp_default = local.testCase_buildApp_default || function (","            options,","            onError","        ) {","        /*","         * this function will test buildApp's default handling-behavior-behavior","         */","            local.testCase_buildReadme_default(options, local.onErrorThrow);","            local.testCase_buildLib_default(options, local.onErrorThrow);","            local.testCase_buildTest_default(options, local.onErrorThrow);","            local.testCase_buildCustomOrg_default(options, local.onErrorThrow);","            options = [];","            local.buildApp(options, onError);","        };","","        local.testCase_buildCustomOrg_default = local.testCase_buildCustomOrg_default ||","            function (options, onError) {","            /*","             * this function will test buildCustomOrg's default handling-behavior","             */","                options = {};","                local.buildCustomOrg(options, onError);","            };","","        local.testCase_buildLib_default = local.testCase_buildLib_default || function (","            options,","            onError","        ) {","        /*","         * this function will test buildLib's default handling-behavior","         */","            options = {};","            local.buildLib(options, onError);","        };","","        local.testCase_buildReadme_default = local.testCase_buildReadme_default || function (","            options,","            onError","        ) {","        /*","         * this function will test buildReadme's default handling-behavior-behavior","         */","            options = {};","            local.buildReadme(options, onError);","        };","","        local.testCase_buildTest_default = local.testCase_buildTest_default || function (","            options,","            onError","        ) {","        /*","         * this function will test buildTest's default handling-behavior","         */","            options = {};","            local.buildTest(options, onError);","        };","","        local.testCase_webpage_default = local.testCase_webpage_default || function (","            options,","            onError","        ) {","        /*","         * this function will test webpage's default handling-behavior","         */","            options = { modeCoverageMerge: true, url: local.serverLocalHost + '?modeTest=1' };","            local.browserTest(options, onError);","        };","","        // run test-server","        local.testRunServer(local);","        break;","    }","}());",""],"l":{"12":2,"14":2,"19":2,"21":2,"23":2,"24":2,"25":2,"30":1,"37":2,"40":2,"43":1,"47":1,"50":1,"52":1,"55":2,"61":2,"62":2,"64":2,"70":1,"76":1,"82":2,"83":2,"85":2,"91":1,"98":1,"102":1,"105":1,"112":1,"119":1,"120":1,"123":1,"130":1,"131":1,"132":1,"133":1,"134":1,"135":1,"138":1,"143":2,"144":2,"147":1,"154":2,"155":2,"158":1,"165":2,"166":2,"169":1,"176":2,"177":2,"180":1,"187":1,"188":1,"192":1,"193":1}},"/home/travis/build/npmtest/node-npmtest-git-fish/lib.npmtest_git_fish.js":{"path":"/home/travis/build/npmtest/node-npmtest-git-fish/lib.npmtest_git_fish.js","s":{"1":2,"2":2,"3":2,"4":2,"5":2,"6":2,"7":2,"8":1,"9":2,"10":2,"11":2,"12":2,"13":1,"14":1,"15":1,"16":1},"b":{"1":[2,1,1,1],"2":[1,1,1,1],"3":[1,1],"4":[2,2],"5":[1,1]},"f":{"1":2,"2":2,"3":2},"fnMap":{"1":{"name":"(anonymous_1)","line":12,"loc":{"start":{"line":12,"column":1},"end":{"line":12,"column":13}}},"2":{"name":"(anonymous_2)","line":19,"loc":{"start":{"line":19,"column":5},"end":{"line":19,"column":17}}},"3":{"name":"(anonymous_3)","line":23,"loc":{"start":{"line":23,"column":24},"end":{"line":23,"column":36}}}},"statementMap":{"1":{"start":{"line":12,"column":0},"end":{"line":53,"column":5}},"2":{"start":{"line":14,"column":4},"end":{"line":14,"column":14}},"3":{"start":{"line":19,"column":4},"end":{"line":52,"column":9}},"4":{"start":{"line":21,"column":8},"end":{"line":21,"column":19}},"5":{"start":{"line":23,"column":8},"end":{"line":35,"column":13}},"6":{"start":{"line":24,"column":12},"end":{"line":34,"column":13}},"7":{"start":{"line":25,"column":16},"end":{"line":28,"column":30}},"8":{"start":{"line":30,"column":16},"end":{"line":33,"column":27}},"9":{"start":{"line":37,"column":8},"end":{"line":39,"column":21}},"10":{"start":{"line":41,"column":8},"end":{"line":41,"column":54}},"11":{"start":{"line":43,"column":8},"end":{"line":43,"column":53}},"12":{"start":{"line":45,"column":8},"end":{"line":51,"column":9}},"13":{"start":{"line":46,"column":12},"end":{"line":46,"column":59}},"14":{"start":{"line":48,"column":12},"end":{"line":48,"column":35}},"15":{"start":{"line":49,"column":12},"end":{"line":49,"column":49}},"16":{"start":{"line":50,"column":12},"end":{"line":50,"column":43}}},"branchMap":{"1":{"line":25,"type":"binary-expr","locations":[{"start":{"line":25,"column":23},"end":{"line":25,"column":62}},{"start":{"line":26,"column":20},"end":{"line":26,"column":70}},{"start":{"line":27,"column":20},"end":{"line":27,"column":71}},{"start":{"line":28,"column":20},"end":{"line":28,"column":29}}]},"2":{"line":30,"type":"binary-expr","locations":[{"start":{"line":30,"column":23},"end":{"line":30,"column":37}},{"start":{"line":31,"column":20},"end":{"line":31,"column":61}},{"start":{"line":32,"column":20},"end":{"line":32,"column":70}},{"start":{"line":33,"column":20},"end":{"line":33,"column":26}}]},"3":{"line":37,"type":"cond-expr","locations":[{"start":{"line":38,"column":14},"end":{"line":38,"column":20}},{"start":{"line":39,"column":14},"end":{"line":39,"column":20}}]},"4":{"line":41,"type":"binary-expr","locations":[{"start":{"line":41,"column":16},"end":{"line":41,"column":44}},{"start":{"line":41,"column":48},"end":{"line":41,"column":53}}]},"5":{"line":45,"type":"if","locations":[{"start":{"line":45,"column":8},"end":{"line":45,"column":8}},{"start":{"line":45,"column":8},"end":{"line":45,"column":8}}]}},"code":["/* istanbul instrument in package npmtest_git_fish */","/*jslint","    bitwise: true,","    browser: true,","    maxerr: 8,","    maxlen: 96,","    node: true,","    nomen: true,","    regexp: true,","    stupid: true","*/","(function () {","    'use strict';","    var local;","","","","    // run shared js-env code - init-before","    (function () {","        // init local","        local = {};","        // init modeJs","        local.modeJs = (function () {","            try {","                return typeof navigator.userAgent === 'string' &&","                    typeof document.querySelector('body') === 'object' &&","                    typeof XMLHttpRequest.prototype.open === 'function' &&","                    'browser';","            } catch (errorCaughtBrowser) {","                return module.exports &&","                    typeof process.versions.node === 'string' &&","                    typeof require('http').createServer === 'function' &&","                    'node';","            }","        }());","        // init global","        local.global = local.modeJs === 'browser'","            ? window","            : global;","        // init utility2_rollup","        local = local.global.utility2_rollup || local;","        // init lib","        local.local = local.npmtest_git_fish = local;","        // init exports","        if (local.modeJs === 'browser') {","            local.global.utility2_npmtest_git_fish = local;","        } else {","            module.exports = local;","            module.exports.__dirname = __dirname;","            module.exports.module = module;","        }","    }());","}());",""],"l":{"12":2,"14":2,"19":2,"21":2,"23":2,"24":2,"25":2,"30":1,"37":2,"41":2,"43":2,"45":2,"46":1,"48":1,"49":1,"50":1}},"/home/travis/build/npmtest/node-npmtest-git-fish/example.js":{"path":"/home/travis/build/npmtest/node-npmtest-git-fish/example.js","s":{"1":2,"2":2,"3":2,"4":2,"5":2,"6":2,"7":2,"8":1,"9":2,"10":2,"11":2,"12":2,"13":1,"14":2,"15":2,"16":2,"17":2,"18":2,"19":0,"20":2,"21":1,"22":1,"23":1,"24":1,"25":1,"26":0,"27":0,"28":1,"29":1,"30":2,"31":0,"32":0,"33":0,"34":1,"35":2,"36":2,"37":3,"38":3,"39":3,"40":3,"41":0,"42":3,"43":3,"44":3,"45":1,"46":3,"47":1,"48":1,"49":1,"50":1,"51":1,"52":1,"53":1,"54":1,"55":1,"56":1,"57":0,"58":1,"59":6,"60":6,"61":1,"62":2,"63":0,"64":2,"65":1,"66":1,"67":0,"68":0,"69":0,"70":0,"71":0,"72":0,"73":0,"74":0,"75":0,"76":0,"77":0,"78":0,"79":0,"80":0,"81":0,"82":0,"83":0},"b":{"1":[2,1,1,1],"2":[1,1,1,1],"3":[1,1],"4":[2,2],"5":[1,1],"6":[1,1],"7":[2,0],"8":[2,1,1,1,1,1],"9":[0,2,0],"10":[1,1],"11":[2,1,1],"12":[1,0],"13":[0,2],"14":[2,0,0,0,0,0,0],"15":[0,3],"16":[3,0],"17":[1,1],"18":[0,1],"19":[1,2,0,2],"20":[1,0],"21":[1,1],"22":[0,0],"23":[0,0],"24":[0,0],"25":[0,0],"26":[0,0],"27":[0,0],"28":[0,0]},"f":{"1":2,"2":2,"3":2,"4":2,"5":2,"6":2,"7":3,"8":3,"9":3,"10":1,"11":6,"12":0},"fnMap":{"1":{"name":"(anonymous_1)","line":26,"loc":{"start":{"line":26,"column":1},"end":{"line":26,"column":13}}},"2":{"name":"(anonymous_2)","line":33,"loc":{"start":{"line":33,"column":5},"end":{"line":33,"column":17}}},"3":{"name":"(anonymous_3)","line":37,"loc":{"start":{"line":37,"column":24},"end":{"line":37,"column":36}}},"4":{"name":"(anonymous_4)","line":69,"loc":{"start":{"line":69,"column":31},"end":{"line":69,"column":48}},"skip":true},"5":{"name":"(anonymous_5)","line":78,"loc":{"start":{"line":78,"column":26},"end":{"line":78,"column":45}},"skip":true},"6":{"name":"(anonymous_6)","line":123,"loc":{"start":{"line":123,"column":33},"end":{"line":123,"column":48}},"skip":true},"7":{"name":"(anonymous_7)","line":125,"loc":{"start":{"line":125,"column":27},"end":{"line":125,"column":39}},"skip":true},"8":{"name":"(anonymous_8)","line":133,"loc":{"start":{"line":133,"column":59},"end":{"line":133,"column":74}},"skip":true},"9":{"name":"(anonymous_9)","line":143,"loc":{"start":{"line":143,"column":45},"end":{"line":143,"column":62}},"skip":true},"10":{"name":"(anonymous_10)","line":144,"loc":{"start":{"line":144,"column":73},"end":{"line":144,"column":92}},"skip":true},"11":{"name":"(anonymous_11)","line":272,"loc":{"start":{"line":272,"column":51},"end":{"line":272,"column":77}},"skip":true},"12":{"name":"(anonymous_12)","line":315,"loc":{"start":{"line":315,"column":32},"end":{"line":315,"column":61}},"skip":true}},"statementMap":{"1":{"start":{"line":26,"column":0},"end":{"line":326,"column":5}},"2":{"start":{"line":28,"column":4},"end":{"line":28,"column":14}},"3":{"start":{"line":33,"column":4},"end":{"line":60,"column":9}},"4":{"start":{"line":35,"column":8},"end":{"line":35,"column":19}},"5":{"start":{"line":37,"column":8},"end":{"line":49,"column":13}},"6":{"start":{"line":38,"column":12},"end":{"line":48,"column":13}},"7":{"start":{"line":39,"column":16},"end":{"line":42,"column":30}},"8":{"start":{"line":44,"column":16},"end":{"line":47,"column":27}},"9":{"start":{"line":51,"column":8},"end":{"line":53,"column":21}},"10":{"start":{"line":55,"column":8},"end":{"line":57,"column":45}},"11":{"start":{"line":59,"column":8},"end":{"line":59,"column":35}},"12":{"start":{"line":61,"column":4},"end":{"line":325,"column":5}},"13":{"start":{"line":69,"column":8},"end":{"line":121,"column":10},"skip":true},"14":{"start":{"line":70,"column":12},"end":{"line":88,"column":13},"skip":true},"15":{"start":{"line":76,"column":16},"end":{"line":87,"column":19},"skip":true},"16":{"start":{"line":79,"column":20},"end":{"line":86,"column":21},"skip":true},"17":{"start":{"line":82,"column":24},"end":{"line":82,"column":43},"skip":true},"18":{"start":{"line":83,"column":24},"end":{"line":83,"column":30},"skip":true},"19":{"start":{"line":85,"column":24},"end":{"line":85,"column":49},"skip":true},"20":{"start":{"line":89,"column":12},"end":{"line":107,"column":13},"skip":true},"21":{"start":{"line":92,"column":16},"end":{"line":102,"column":17},"skip":true},"22":{"start":{"line":93,"column":20},"end":{"line":93,"column":86},"skip":true},"23":{"start":{"line":94,"column":20},"end":{"line":95,"column":45},"skip":true},"24":{"start":{"line":96,"column":20},"end":{"line":96,"column":42},"skip":true},"25":{"start":{"line":97,"column":20},"end":{"line":97,"column":48},"skip":true},"26":{"start":{"line":100,"column":20},"end":{"line":100,"column":85},"skip":true},"27":{"start":{"line":101,"column":20},"end":{"line":101,"column":96},"skip":true},"28":{"start":{"line":103,"column":16},"end":{"line":103,"column":22},"skip":true},"29":{"start":{"line":106,"column":16},"end":{"line":106,"column":22},"skip":true},"30":{"start":{"line":108,"column":12},"end":{"line":120,"column":13},"skip":true},"31":{"start":{"line":114,"column":16},"end":{"line":119,"column":17},"skip":true},"32":{"start":{"line":116,"column":20},"end":{"line":116,"column":78},"skip":true},"33":{"start":{"line":118,"column":20},"end":{"line":118,"column":47},"skip":true},"34":{"start":{"line":123,"column":8},"end":{"line":141,"column":11},"skip":true},"35":{"start":{"line":124,"column":12},"end":{"line":124,"column":54},"skip":true},"36":{"start":{"line":125,"column":12},"end":{"line":140,"column":14},"skip":true},"37":{"start":{"line":126,"column":16},"end":{"line":126,"column":28},"skip":true},"38":{"start":{"line":127,"column":16},"end":{"line":127,"column":69},"skip":true},"39":{"start":{"line":128,"column":16},"end":{"line":128,"column":75},"skip":true},"40":{"start":{"line":129,"column":16},"end":{"line":131,"column":17},"skip":true},"41":{"start":{"line":130,"column":20},"end":{"line":130,"column":27},"skip":true},"42":{"start":{"line":133,"column":16},"end":{"line":137,"column":36},"skip":true},"43":{"start":{"line":134,"column":20},"end":{"line":136,"column":55},"skip":true},"44":{"start":{"line":139,"column":16},"end":{"line":139,"column":57},"skip":true},"45":{"start":{"line":143,"column":8},"end":{"line":147,"column":11},"skip":true},"46":{"start":{"line":144,"column":12},"end":{"line":146,"column":15},"skip":true},"47":{"start":{"line":145,"column":16},"end":{"line":145,"column":70},"skip":true},"48":{"start":{"line":149,"column":8},"end":{"line":149,"column":31},"skip":true},"49":{"start":{"line":150,"column":8},"end":{"line":150,"column":14},"skip":true},"50":{"start":{"line":158,"column":8},"end":{"line":158,"column":31},"skip":true},"51":{"start":{"line":160,"column":8},"end":{"line":160,"column":33},"skip":true},"52":{"start":{"line":161,"column":8},"end":{"line":161,"column":37},"skip":true},"53":{"start":{"line":162,"column":8},"end":{"line":162,"column":35},"skip":true},"54":{"start":{"line":164,"column":8},"end":{"line":164,"column":50},"skip":true},"55":{"start":{"line":166,"column":8},"end":{"line":256,"column":2},"skip":true},"56":{"start":{"line":258,"column":8},"end":{"line":286,"column":9},"skip":true},"57":{"start":{"line":259,"column":12},"end":{"line":269,"column":14},"skip":true},"58":{"start":{"line":271,"column":12},"end":{"line":285,"column":19},"skip":true},"59":{"start":{"line":274,"column":20},"end":{"line":274,"column":35},"skip":true},"60":{"start":{"line":275,"column":20},"end":{"line":284,"column":21},"skip":true},"61":{"start":{"line":277,"column":24},"end":{"line":277,"column":64},"skip":true},"62":{"start":{"line":279,"column":24},"end":{"line":279,"column":40},"skip":true},"63":{"start":{"line":281,"column":24},"end":{"line":281,"column":40},"skip":true},"64":{"start":{"line":283,"column":24},"end":{"line":283,"column":39},"skip":true},"65":{"start":{"line":288,"column":8},"end":{"line":290,"column":9},"skip":true},"66":{"start":{"line":289,"column":12},"end":{"line":289,"column":18},"skip":true},"67":{"start":{"line":291,"column":8},"end":{"line":293,"column":54},"skip":true},"68":{"start":{"line":296,"column":8},"end":{"line":301,"column":37},"skip":true},"69":{"start":{"line":303,"column":8},"end":{"line":303,"column":82},"skip":true},"70":{"start":{"line":306,"column":8},"end":{"line":308,"column":9},"skip":true},"71":{"start":{"line":307,"column":12},"end":{"line":307,"column":82},"skip":true},"72":{"start":{"line":310,"column":8},"end":{"line":312,"column":9},"skip":true},"73":{"start":{"line":311,"column":12},"end":{"line":311,"column":18},"skip":true},"74":{"start":{"line":313,"column":8},"end":{"line":313,"column":54},"skip":true},"75":{"start":{"line":314,"column":8},"end":{"line":314,"column":69},"skip":true},"76":{"start":{"line":315,"column":8},"end":{"line":323,"column":36},"skip":true},"77":{"start":{"line":316,"column":12},"end":{"line":316,"column":61},"skip":true},"78":{"start":{"line":317,"column":12},"end":{"line":320,"column":13},"skip":true},"79":{"start":{"line":318,"column":16},"end":{"line":318,"column":75},"skip":true},"80":{"start":{"line":319,"column":16},"end":{"line":319,"column":23},"skip":true},"81":{"start":{"line":321,"column":12},"end":{"line":321,"column":38},"skip":true},"82":{"start":{"line":322,"column":12},"end":{"line":322,"column":27},"skip":true},"83":{"start":{"line":324,"column":8},"end":{"line":324,"column":14},"skip":true}},"branchMap":{"1":{"line":39,"type":"binary-expr","locations":[{"start":{"line":39,"column":23},"end":{"line":39,"column":62}},{"start":{"line":40,"column":20},"end":{"line":40,"column":70}},{"start":{"line":41,"column":20},"end":{"line":41,"column":71}},{"start":{"line":42,"column":20},"end":{"line":42,"column":29}}]},"2":{"line":44,"type":"binary-expr","locations":[{"start":{"line":44,"column":23},"end":{"line":44,"column":37}},{"start":{"line":45,"column":20},"end":{"line":45,"column":61}},{"start":{"line":46,"column":20},"end":{"line":46,"column":70}},{"start":{"line":47,"column":20},"end":{"line":47,"column":26}}]},"3":{"line":51,"type":"cond-expr","locations":[{"start":{"line":52,"column":14},"end":{"line":52,"column":20}},{"start":{"line":53,"column":14},"end":{"line":53,"column":20}}]},"4":{"line":55,"type":"binary-expr","locations":[{"start":{"line":55,"column":16},"end":{"line":55,"column":44}},{"start":{"line":55,"column":49},"end":{"line":57,"column":43}}]},"5":{"line":55,"type":"cond-expr","locations":[{"start":{"line":56,"column":14},"end":{"line":56,"column":52}},{"start":{"line":57,"column":14},"end":{"line":57,"column":43}}]},"6":{"line":61,"type":"switch","locations":[{"start":{"line":68,"column":4},"end":{"line":150,"column":14},"skip":true},{"start":{"line":156,"column":4},"end":{"line":324,"column":14},"skip":true}]},"7":{"line":70,"type":"if","locations":[{"start":{"line":70,"column":12},"end":{"line":70,"column":12},"skip":true},{"start":{"line":70,"column":12},"end":{"line":70,"column":12},"skip":true}]},"8":{"line":70,"type":"binary-expr","locations":[{"start":{"line":70,"column":16},"end":{"line":70,"column":22},"skip":true},{"start":{"line":70,"column":27},"end":{"line":70,"column":32},"skip":true},{"start":{"line":71,"column":20},"end":{"line":71,"column":39},"skip":true},{"start":{"line":72,"column":20},"end":{"line":72,"column":49},"skip":true},{"start":{"line":73,"column":20},"end":{"line":73,"column":58},"skip":true},{"start":{"line":74,"column":20},"end":{"line":74,"column":69},"skip":true}]},"9":{"line":79,"type":"switch","locations":[{"start":{"line":80,"column":20},"end":{"line":80,"column":33},"skip":true},{"start":{"line":81,"column":20},"end":{"line":83,"column":30},"skip":true},{"start":{"line":84,"column":20},"end":{"line":85,"column":49},"skip":true}]},"10":{"line":89,"type":"switch","locations":[{"start":{"line":90,"column":12},"end":{"line":103,"column":22},"skip":true},{"start":{"line":105,"column":12},"end":{"line":106,"column":22},"skip":true}]},"11":{"line":89,"type":"binary-expr","locations":[{"start":{"line":89,"column":20},"end":{"line":89,"column":25},"skip":true},{"start":{"line":89,"column":29},"end":{"line":89,"column":48},"skip":true},{"start":{"line":89,"column":52},"end":{"line":89,"column":74},"skip":true}]},"12":{"line":92,"type":"if","locations":[{"start":{"line":92,"column":16},"end":{"line":92,"column":16},"skip":true},{"start":{"line":92,"column":16},"end":{"line":92,"column":16},"skip":true}]},"13":{"line":108,"type":"if","locations":[{"start":{"line":108,"column":12},"end":{"line":108,"column":12},"skip":true},{"start":{"line":108,"column":12},"end":{"line":108,"column":12},"skip":true}]},"14":{"line":108,"type":"binary-expr","locations":[{"start":{"line":108,"column":16},"end":{"line":108,"column":61},"skip":true},{"start":{"line":108,"column":66},"end":{"line":108,"column":72},"skip":true},{"start":{"line":108,"column":77},"end":{"line":108,"column":82},"skip":true},{"start":{"line":109,"column":20},"end":{"line":109,"column":39},"skip":true},{"start":{"line":110,"column":20},"end":{"line":110,"column":49},"skip":true},{"start":{"line":111,"column":20},"end":{"line":111,"column":58},"skip":true},{"start":{"line":112,"column":20},"end":{"line":112,"column":68},"skip":true}]},"15":{"line":129,"type":"if","locations":[{"start":{"line":129,"column":16},"end":{"line":129,"column":16},"skip":true},{"start":{"line":129,"column":16},"end":{"line":129,"column":16},"skip":true}]},"16":{"line":134,"type":"cond-expr","locations":[{"start":{"line":135,"column":26},"end":{"line":135,"column":29},"skip":true},{"start":{"line":136,"column":26},"end":{"line":136,"column":54},"skip":true}]},"17":{"line":164,"type":"binary-expr","locations":[{"start":{"line":164,"column":27},"end":{"line":164,"column":43},"skip":true},{"start":{"line":164,"column":47},"end":{"line":164,"column":49},"skip":true}]},"18":{"line":258,"type":"if","locations":[{"start":{"line":258,"column":8},"end":{"line":258,"column":8},"skip":true},{"start":{"line":258,"column":8},"end":{"line":258,"column":8},"skip":true}]},"19":{"line":275,"type":"switch","locations":[{"start":{"line":276,"column":20},"end":{"line":277,"column":64},"skip":true},{"start":{"line":278,"column":20},"end":{"line":279,"column":40},"skip":true},{"start":{"line":280,"column":20},"end":{"line":281,"column":40},"skip":true},{"start":{"line":282,"column":20},"end":{"line":283,"column":39},"skip":true}]},"20":{"line":288,"type":"if","locations":[{"start":{"line":288,"column":8},"end":{"line":288,"column":8},"skip":true},{"start":{"line":288,"column":8},"end":{"line":288,"column":8},"skip":true}]},"21":{"line":288,"type":"binary-expr","locations":[{"start":{"line":288,"column":12},"end":{"line":288,"column":40},"skip":true},{"start":{"line":288,"column":44},"end":{"line":288,"column":67},"skip":true}]},"22":{"line":292,"type":"binary-expr","locations":[{"start":{"line":292,"column":12},"end":{"line":292,"column":50},"skip":true},{"start":{"line":293,"column":12},"end":{"line":293,"column":53},"skip":true}]},"23":{"line":297,"type":"binary-expr","locations":[{"start":{"line":297,"column":12},"end":{"line":297,"column":66},"skip":true},{"start":{"line":298,"column":12},"end":{"line":301,"column":36},"skip":true}]},"24":{"line":303,"type":"binary-expr","locations":[{"start":{"line":303,"column":43},"end":{"line":303,"column":75},"skip":true},{"start":{"line":303,"column":79},"end":{"line":303,"column":81},"skip":true}]},"25":{"line":306,"type":"if","locations":[{"start":{"line":306,"column":8},"end":{"line":306,"column":8},"skip":true},{"start":{"line":306,"column":8},"end":{"line":306,"column":8},"skip":true}]},"26":{"line":310,"type":"if","locations":[{"start":{"line":310,"column":8},"end":{"line":310,"column":8},"skip":true},{"start":{"line":310,"column":8},"end":{"line":310,"column":8},"skip":true}]},"27":{"line":313,"type":"binary-expr","locations":[{"start":{"line":313,"column":27},"end":{"line":313,"column":43},"skip":true},{"start":{"line":313,"column":47},"end":{"line":313,"column":53},"skip":true}]},"28":{"line":317,"type":"if","locations":[{"start":{"line":317,"column":12},"end":{"line":317,"column":12},"skip":true},{"start":{"line":317,"column":12},"end":{"line":317,"column":12},"skip":true}]}},"code":["/*","example.js","","quickstart example","","instruction","    1. save this script as example.js","    2. run the shell command:","        $ npm install npmtest-git-fish && PORT=8081 node example.js","    3. play with the browser-demo on http://127.0.0.1:8081","*/","","","","/* istanbul instrument in package npmtest_git_fish */","/*jslint","    bitwise: true,","    browser: true,","    maxerr: 8,","    maxlen: 96,","    node: true,","    nomen: true,","    regexp: true,","    stupid: true","*/","(function () {","    'use strict';","    var local;","","","","    // run shared js-env code - init-before","    (function () {","        // init local","        local = {};","        // init modeJs","        local.modeJs = (function () {","            try {","                return typeof navigator.userAgent === 'string' &&","                    typeof document.querySelector('body') === 'object' &&","                    typeof XMLHttpRequest.prototype.open === 'function' &&","                    'browser';","            } catch (errorCaughtBrowser) {","                return module.exports &&","                    typeof process.versions.node === 'string' &&","                    typeof require('http').createServer === 'function' &&","                    'node';","            }","        }());","        // init global","        local.global = local.modeJs === 'browser'","            ? window","            : global;","        // init utility2_rollup","        local = local.global.utility2_rollup || (local.modeJs === 'browser'","            ? local.global.utility2_npmtest_git_fish","            : global.utility2_moduleExports);","        // export local","        local.global.local = local;","    }());","    switch (local.modeJs) {","","","","    // init-after","    // run browser js-env code - init-after","    /* istanbul ignore next */","    case 'browser':","        local.testRunBrowser = function (event) {","            if (!event || (event &&","                    event.currentTarget &&","                    event.currentTarget.className &&","                    event.currentTarget.className.includes &&","                    event.currentTarget.className.includes('onreset'))) {","                // reset output","                Array.from(","                    document.querySelectorAll('body > .resettable')","                ).forEach(function (element) {","                    switch (element.tagName) {","                    case 'INPUT':","                    case 'TEXTAREA':","                        element.value = '';","                        break;","                    default:","                        element.textContent = '';","                    }","                });","            }","            switch (event && event.currentTarget && event.currentTarget.id) {","            case 'testRunButton1':","                // show tests","                if (document.querySelector('#testReportDiv1').style.display === 'none') {","                    document.querySelector('#testReportDiv1').style.display = 'block';","                    document.querySelector('#testRunButton1').textContent =","                        'hide internal test';","                    local.modeTest = true;","                    local.testRunDefault(local);","                // hide tests","                } else {","                    document.querySelector('#testReportDiv1').style.display = 'none';","                    document.querySelector('#testRunButton1').textContent = 'run internal test';","                }","                break;","            // custom-case","            default:","                break;","            }","            if (document.querySelector('#inputTextareaEval1') && (!event || (event &&","                    event.currentTarget &&","                    event.currentTarget.className &&","                    event.currentTarget.className.includes &&","                    event.currentTarget.className.includes('oneval')))) {","                // try to eval input-code","                try {","                    /*jslint evil: true*/","                    eval(document.querySelector('#inputTextareaEval1').value);","                } catch (errorCaught) {","                    console.error(errorCaught);","                }","            }","        };","        // log stderr and stdout to #outputTextareaStdout1","        ['error', 'log'].forEach(function (key) {","            console[key + '_original'] = console[key];","            console[key] = function () {","                var element;","                console[key + '_original'].apply(console, arguments);","                element = document.querySelector('#outputTextareaStdout1');","                if (!element) {","                    return;","                }","                // append text to #outputTextareaStdout1","                element.value += Array.from(arguments).map(function (arg) {","                    return typeof arg === 'string'","                        ? arg","                        : JSON.stringify(arg, null, 4);","                }).join(' ') + '\\n';","                // scroll textarea to bottom","                element.scrollTop = element.scrollHeight;","            };","        });","        // init event-handling","        ['change', 'click', 'keyup'].forEach(function (event) {","            Array.from(document.querySelectorAll('.on' + event)).forEach(function (element) {","                element.addEventListener(event, local.testRunBrowser);","            });","        });","        // run tests","        local.testRunBrowser();","        break;","","","","    // run node js-env code - init-after","    /* istanbul ignore next */","    case 'node':","        // export local","        module.exports = local;","        // require modules","        local.fs = require('fs');","        local.http = require('http');","        local.url = require('url');","        // init assets","        local.assetsDict = local.assetsDict || {};","        /* jslint-ignore-begin */","        local.assetsDict['/assets.index.template.html'] = '\\","<!doctype html>\\n\\","<html lang=\"en\">\\n\\","<head>\\n\\","<meta charset=\"UTF-8\">\\n\\","<meta name=\"viewport\" content=\"width=device-width, initial-scale=1\">\\n\\","<title>{{env.npm_package_name}} (v{{env.npm_package_version}})</title>\\n\\","<style>\\n\\","/*csslint\\n\\","    box-sizing: false,\\n\\","    universal-selector: false\\n\\","*/\\n\\","* {\\n\\","    box-sizing: border-box;\\n\\","}\\n\\","body {\\n\\","    background: #dde;\\n\\","    font-family: Arial, Helvetica, sans-serif;\\n\\","    margin: 2rem;\\n\\","}\\n\\","body > * {\\n\\","    margin-bottom: 1rem;\\n\\","}\\n\\",".utility2FooterDiv {\\n\\","    margin-top: 20px;\\n\\","    text-align: center;\\n\\","}\\n\\","</style>\\n\\","<style>\\n\\","/*csslint\\n\\","*/\\n\\","textarea {\\n\\","    font-family: monospace;\\n\\","    height: 10rem;\\n\\","    width: 100%;\\n\\","}\\n\\","textarea[readonly] {\\n\\","    background: #ddd;\\n\\","}\\n\\","</style>\\n\\","</head>\\n\\","<body>\\n\\","<!-- utility2-comment\\n\\","<div id=\"ajaxProgressDiv1\" style=\"background: #d00; height: 2px; left: 0; margin: 0; padding: 0; position: fixed; top: 0; transition: background 0.5s, width 1.5s; width: 25%;\"></div>\\n\\","utility2-comment -->\\n\\","<h1>\\n\\","<!-- utility2-comment\\n\\","    <a\\n\\","        {{#if env.npm_package_homepage}}\\n\\","        href=\"{{env.npm_package_homepage}}\"\\n\\","        {{/if env.npm_package_homepage}}\\n\\","        target=\"_blank\"\\n\\","    >\\n\\","utility2-comment -->\\n\\","        {{env.npm_package_name}} (v{{env.npm_package_version}})\\n\\","<!-- utility2-comment\\n\\","    </a>\\n\\","utility2-comment -->\\n\\","</h1>\\n\\","<h3>{{env.npm_package_description}}</h3>\\n\\","<!-- utility2-comment\\n\\","<h4><a download href=\"assets.app.js\">download standalone app</a></h4>\\n\\","<button class=\"onclick onreset\" id=\"testRunButton1\">run internal test</button><br>\\n\\","<div id=\"testReportDiv1\" style=\"display: none;\"></div>\\n\\","utility2-comment -->\\n\\","\\n\\","\\n\\","\\n\\","<label>stderr and stdout</label>\\n\\","<textarea class=\"resettable\" id=\"outputTextareaStdout1\" readonly></textarea>\\n\\","<!-- utility2-comment\\n\\","{{#if isRollup}}\\n\\","<script src=\"assets.app.js\"></script>\\n\\","{{#unless isRollup}}\\n\\","utility2-comment -->\\n\\","<script src=\"assets.utility2.rollup.js\"></script>\\n\\","<script src=\"jsonp.utility2._stateInit?callback=window.utility2._stateInit\"></script>\\n\\","<script src=\"assets.npmtest_git_fish.rollup.js\"></script>\\n\\","<script src=\"assets.example.js\"></script>\\n\\","<script src=\"assets.test.js\"></script>\\n\\","<!-- utility2-comment\\n\\","{{/if isRollup}}\\n\\","utility2-comment -->\\n\\","<div class=\"utility2FooterDiv\">\\n\\","    [ this app was created with\\n\\","    <a href=\"https://github.com/kaizhu256/node-utility2\" target=\"_blank\">utility2</a>\\n\\","    ]\\n\\","</div>\\n\\","</body>\\n\\","</html>\\n\\","';","        /* jslint-ignore-end */","        if (local.templateRender) {","            local.assetsDict['/'] = local.templateRender(","                local.assetsDict['/assets.index.template.html'],","                {","                    env: local.objectSetDefault(local.env, {","                        npm_package_description: 'the greatest app in the world!',","                        npm_package_name: 'my-app',","                        npm_package_nameAlias: 'my_app',","                        npm_package_version: '0.0.1'","                    })","                }","            );","        } else {","            local.assetsDict['/'] = local.assetsDict['/assets.index.template.html']","                .replace((/\\{\\{env\\.(\\w+?)\\}\\}/g), function (match0, match1) {","                    // jslint-hack","                    String(match0);","                    switch (match1) {","                    case 'npm_package_description':","                        return 'the greatest app in the world!';","                    case 'npm_package_name':","                        return 'my-app';","                    case 'npm_package_nameAlias':","                        return 'my_app';","                    case 'npm_package_version':","                        return '0.0.1';","                    }","                });","        }","        // run the cli","        if (local.global.utility2_rollup || module !== require.main) {","            break;","        }","        local.assetsDict['/assets.example.js'] =","            local.assetsDict['/assets.example.js'] ||","            local.fs.readFileSync(__filename, 'utf8');","        // bug-workaround - long $npm_package_buildCustomOrg","        /* jslint-ignore-begin */","        local.assetsDict['/assets.npmtest_git_fish.rollup.js'] =","            local.assetsDict['/assets.npmtest_git_fish.rollup.js'] ||","            local.fs.readFileSync(","                local.npmtest_git_fish.__dirname + '/lib.npmtest_git_fish.js',","                'utf8'","            ).replace((/^#!/), '//');","        /* jslint-ignore-end */","        local.assetsDict['/favicon.ico'] = local.assetsDict['/favicon.ico'] || '';","        // if $npm_config_timeout_exit exists,","        // then exit this process after $npm_config_timeout_exit ms","        if (Number(process.env.npm_config_timeout_exit)) {","            setTimeout(process.exit, Number(process.env.npm_config_timeout_exit));","        }","        // start server","        if (local.global.utility2_serverHttp1) {","            break;","        }","        process.env.PORT = process.env.PORT || '8081';","        console.error('server starting on port ' + process.env.PORT);","        local.http.createServer(function (request, response) {","            request.urlParsed = local.url.parse(request.url);","            if (local.assetsDict[request.urlParsed.pathname] !== undefined) {","                response.end(local.assetsDict[request.urlParsed.pathname]);","                return;","            }","            response.statusCode = 404;","            response.end();","        }).listen(process.env.PORT);","        break;","    }","}());",""],"l":{"26":2,"28":2,"33":2,"35":2,"37":2,"38":2,"39":2,"44":1,"51":2,"55":2,"59":2,"61":2,"69":1,"70":2,"76":2,"79":2,"82":2,"83":2,"85":1,"89":2,"92":1,"93":1,"94":1,"96":1,"97":1,"100":1,"101":1,"103":1,"106":1,"108":2,"114":1,"116":1,"118":1,"123":1,"124":2,"125":2,"126":3,"127":3,"128":3,"129":3,"130":1,"133":3,"134":3,"139":3,"143":1,"144":3,"145":1,"149":1,"150":1,"158":1,"160":1,"161":1,"162":1,"164":1,"166":1,"258":1,"259":1,"271":1,"274":6,"275":6,"277":1,"279":2,"281":1,"283":2,"288":1,"289":1,"291":1,"296":1,"303":1,"306":1,"307":1,"310":1,"311":1,"313":1,"314":1,"315":1,"316":1,"317":1,"318":1,"319":1,"321":1,"322":1,"324":1}},"/home/travis/build/npmtest/node-npmtest-git-fish/node_modules/git-fish/index.js":{"path":"/home/travis/build/npmtest/node-npmtest-git-fish/node_modules/git-fish/index.js","s":{"1":4,"2":4,"3":4,"4":4,"5":4,"6":4,"7":4,"8":4,"9":4,"10":4,"11":4,"12":4,"13":4,"14":0,"15":0,"16":0,"17":0,"18":0,"19":0,"20":0,"21":0,"22":0,"23":0,"24":0,"25":0,"26":0,"27":0,"28":0,"29":0,"30":0,"31":0,"32":0,"33":0,"34":0,"35":0,"36":0,"37":0,"38":0,"39":0,"40":0,"41":0,"42":0,"43":0,"44":0,"45":0,"46":0,"47":0,"48":0,"49":0,"50":0,"51":0,"52":0,"53":0,"54":0,"55":0,"56":0,"57":0,"58":0,"59":0,"60":0,"61":0,"62":0,"63":0,"64":0,"65":0,"66":0,"67":0,"68":0,"69":0,"70":0,"71":0,"72":0,"73":0,"74":0,"75":0,"76":0,"77":0},"b":{"1":[4,4,4],"2":[4,4,4,0],"3":[0,0],"4":[0,0],"5":[0,0],"6":[0,0],"7":[0,0],"8":[0,0],"9":[0,0],"10":[0,0],"11":[0,0],"12":[0,0],"13":[0,0],"14":[0,0],"15":[0,0],"16":[0,0],"17":[0,0],"18":[0,0],"19":[0,0]},"f":{"1":0,"2":0,"3":0,"4":0,"5":0,"6":0,"7":0},"fnMap":{"1":{"name":"(anonymous_1)","line":31,"loc":{"start":{"line":31,"column":31},"end":{"line":31,"column":60}}},"2":{"name":"(anonymous_2)","line":62,"loc":{"start":{"line":62,"column":23},"end":{"line":62,"column":39}}},"3":{"name":"(anonymous_3)","line":66,"loc":{"start":{"line":66,"column":22},"end":{"line":66,"column":34}}},"4":{"name":"(anonymous_4)","line":71,"loc":{"start":{"line":71,"column":38},"end":{"line":71,"column":53}}},"5":{"name":"(anonymous_5)","line":103,"loc":{"start":{"line":103,"column":23},"end":{"line":103,"column":34}}},"6":{"name":"(anonymous_6)","line":110,"loc":{"start":{"line":110,"column":33},"end":{"line":110,"column":45}}},"7":{"name":"(anonymous_7)","line":133,"loc":{"start":{"line":133,"column":28},"end":{"line":133,"column":43}}}},"statementMap":{"1":{"start":{"line":2,"column":0},"end":{"line":2,"column":29}},"2":{"start":{"line":3,"column":0},"end":{"line":3,"column":29}},"3":{"start":{"line":4,"column":0},"end":{"line":4,"column":44}},"4":{"start":{"line":5,"column":0},"end":{"line":5,"column":36}},"5":{"start":{"line":6,"column":0},"end":{"line":6,"column":31}},"6":{"start":{"line":7,"column":0},"end":{"line":7,"column":41}},"7":{"start":{"line":20,"column":0},"end":{"line":20,"column":11}},"8":{"start":{"line":21,"column":0},"end":{"line":27,"column":1}},"9":{"start":{"line":22,"column":4},"end":{"line":22,"column":88}},"10":{"start":{"line":24,"column":4},"end":{"line":24,"column":54}},"11":{"start":{"line":25,"column":4},"end":{"line":25,"column":21}},"12":{"start":{"line":26,"column":4},"end":{"line":26,"column":20}},"13":{"start":{"line":29,"column":0},"end":{"line":29,"column":72}},"14":{"start":{"line":31,"column":0},"end":{"line":129,"column":23}},"15":{"start":{"line":33,"column":4},"end":{"line":34,"column":76}},"16":{"start":{"line":36,"column":4},"end":{"line":36,"column":39}},"17":{"start":{"line":38,"column":4},"end":{"line":38,"column":32}},"18":{"start":{"line":39,"column":4},"end":{"line":39,"column":42}},"19":{"start":{"line":41,"column":4},"end":{"line":47,"column":5}},"20":{"start":{"line":43,"column":8},"end":{"line":43,"column":60}},"21":{"start":{"line":44,"column":8},"end":{"line":44,"column":64}},"22":{"start":{"line":45,"column":8},"end":{"line":45,"column":40}},"23":{"start":{"line":46,"column":8},"end":{"line":46,"column":15}},"24":{"start":{"line":49,"column":4},"end":{"line":49,"column":36}},"25":{"start":{"line":50,"column":4},"end":{"line":52,"column":5}},"26":{"start":{"line":51,"column":8},"end":{"line":51,"column":45}},"27":{"start":{"line":54,"column":4},"end":{"line":59,"column":5}},"28":{"start":{"line":55,"column":8},"end":{"line":55,"column":69}},"29":{"start":{"line":56,"column":8},"end":{"line":56,"column":64}},"30":{"start":{"line":57,"column":8},"end":{"line":57,"column":45}},"31":{"start":{"line":58,"column":8},"end":{"line":58,"column":15}},"32":{"start":{"line":61,"column":4},"end":{"line":61,"column":18}},"33":{"start":{"line":62,"column":4},"end":{"line":64,"column":7}},"34":{"start":{"line":63,"column":8},"end":{"line":63,"column":21}},"35":{"start":{"line":66,"column":4},"end":{"line":127,"column":7}},"36":{"start":{"line":67,"column":8},"end":{"line":79,"column":9}},"37":{"start":{"line":68,"column":12},"end":{"line":68,"column":36}},"38":{"start":{"line":70,"column":12},"end":{"line":70,"column":34}},"39":{"start":{"line":71,"column":12},"end":{"line":77,"column":15}},"40":{"start":{"line":72,"column":16},"end":{"line":76,"column":17}},"41":{"start":{"line":73,"column":20},"end":{"line":73,"column":54}},"42":{"start":{"line":78,"column":12},"end":{"line":78,"column":32}},"43":{"start":{"line":81,"column":8},"end":{"line":88,"column":9}},"44":{"start":{"line":83,"column":12},"end":{"line":84,"column":64}},"45":{"start":{"line":85,"column":12},"end":{"line":85,"column":68}},"46":{"start":{"line":86,"column":12},"end":{"line":86,"column":35}},"47":{"start":{"line":87,"column":12},"end":{"line":87,"column":19}},"48":{"start":{"line":92,"column":8},"end":{"line":92,"column":42}},"49":{"start":{"line":93,"column":8},"end":{"line":99,"column":9}},"50":{"start":{"line":94,"column":12},"end":{"line":94,"column":43}},"51":{"start":{"line":95,"column":12},"end":{"line":95,"column":43}},"52":{"start":{"line":96,"column":12},"end":{"line":96,"column":68}},"53":{"start":{"line":97,"column":12},"end":{"line":97,"column":52}},"54":{"start":{"line":98,"column":12},"end":{"line":98,"column":19}},"55":{"start":{"line":101,"column":8},"end":{"line":101,"column":45}},"56":{"start":{"line":102,"column":8},"end":{"line":115,"column":9}},"57":{"start":{"line":103,"column":12},"end":{"line":107,"column":14}},"58":{"start":{"line":104,"column":16},"end":{"line":104,"column":89}},"59":{"start":{"line":105,"column":16},"end":{"line":105,"column":72}},"60":{"start":{"line":106,"column":16},"end":{"line":106,"column":31}},"61":{"start":{"line":109,"column":12},"end":{"line":113,"column":13}},"62":{"start":{"line":110,"column":16},"end":{"line":110,"column":85}},"63":{"start":{"line":110,"column":47},"end":{"line":110,"column":67}},"64":{"start":{"line":110,"column":71},"end":{"line":110,"column":85}},"65":{"start":{"line":112,"column":16},"end":{"line":112,"column":54}},"66":{"start":{"line":112,"column":40},"end":{"line":112,"column":54}},"67":{"start":{"line":117,"column":8},"end":{"line":126,"column":9}},"68":{"start":{"line":118,"column":12},"end":{"line":118,"column":70}},"69":{"start":{"line":119,"column":12},"end":{"line":122,"column":15}},"70":{"start":{"line":123,"column":12},"end":{"line":123,"column":68}},"71":{"start":{"line":124,"column":12},"end":{"line":124,"column":27}},"72":{"start":{"line":125,"column":12},"end":{"line":125,"column":19}},"73":{"start":{"line":131,"column":0},"end":{"line":131,"column":52}},"74":{"start":{"line":133,"column":0},"end":{"line":137,"column":3}},"75":{"start":{"line":134,"column":4},"end":{"line":136,"column":5}},"76":{"start":{"line":135,"column":8},"end":{"line":135,"column":36}},"77":{"start":{"line":139,"column":0},"end":{"line":139,"column":24}}},"branchMap":{"1":{"line":22,"type":"binary-expr","locations":[{"start":{"line":22,"column":34},"end":{"line":22,"column":57}},{"start":{"line":22,"column":59},"end":{"line":22,"column":70}},{"start":{"line":22,"column":72},"end":{"line":22,"column":85}}]},"2":{"line":29,"type":"binary-expr","locations":[{"start":{"line":29,"column":14},"end":{"line":29,"column":35}},{"start":{"line":29,"column":39},"end":{"line":29,"column":48}},{"start":{"line":29,"column":52},"end":{"line":29,"column":63}},{"start":{"line":29,"column":67},"end":{"line":29,"column":71}}]},"3":{"line":33,"type":"binary-expr","locations":[{"start":{"line":33,"column":16},"end":{"line":33,"column":70}},{"start":{"line":34,"column":20},"end":{"line":34,"column":74}}]},"4":{"line":41,"type":"if","locations":[{"start":{"line":41,"column":4},"end":{"line":41,"column":4}},{"start":{"line":41,"column":4},"end":{"line":41,"column":4}}]},"5":{"line":41,"type":"binary-expr","locations":[{"start":{"line":41,"column":8},"end":{"line":41,"column":33}},{"start":{"line":42,"column":12},"end":{"line":42,"column":48}}]},"6":{"line":50,"type":"if","locations":[{"start":{"line":50,"column":4},"end":{"line":50,"column":4}},{"start":{"line":50,"column":4},"end":{"line":50,"column":4}}]},"7":{"line":54,"type":"if","locations":[{"start":{"line":54,"column":4},"end":{"line":54,"column":4}},{"start":{"line":54,"column":4},"end":{"line":54,"column":4}}]},"8":{"line":67,"type":"if","locations":[{"start":{"line":67,"column":8},"end":{"line":67,"column":8}},{"start":{"line":67,"column":8},"end":{"line":67,"column":8}}]},"9":{"line":81,"type":"if","locations":[{"start":{"line":81,"column":8},"end":{"line":81,"column":8}},{"start":{"line":81,"column":8},"end":{"line":81,"column":8}}]},"10":{"line":84,"type":"binary-expr","locations":[{"start":{"line":84,"column":17},"end":{"line":84,"column":26}},{"start":{"line":84,"column":30},"end":{"line":84,"column":43}}]},"11":{"line":92,"type":"binary-expr","locations":[{"start":{"line":92,"column":18},"end":{"line":92,"column":26}},{"start":{"line":92,"column":30},"end":{"line":92,"column":41}}]},"12":{"line":93,"type":"if","locations":[{"start":{"line":93,"column":8},"end":{"line":93,"column":8}},{"start":{"line":93,"column":8},"end":{"line":93,"column":8}}]},"13":{"line":102,"type":"if","locations":[{"start":{"line":102,"column":8},"end":{"line":102,"column":8}},{"start":{"line":102,"column":8},"end":{"line":102,"column":8}}]},"14":{"line":109,"type":"if","locations":[{"start":{"line":109,"column":12},"end":{"line":109,"column":12}},{"start":{"line":109,"column":12},"end":{"line":109,"column":12}}]},"15":{"line":110,"type":"if","locations":[{"start":{"line":110,"column":16},"end":{"line":110,"column":16}},{"start":{"line":110,"column":16},"end":{"line":110,"column":16}}]},"16":{"line":112,"type":"if","locations":[{"start":{"line":112,"column":16},"end":{"line":112,"column":16}},{"start":{"line":112,"column":16},"end":{"line":112,"column":16}}]},"17":{"line":117,"type":"if","locations":[{"start":{"line":117,"column":8},"end":{"line":117,"column":8}},{"start":{"line":117,"column":8},"end":{"line":117,"column":8}}]},"18":{"line":134,"type":"if","locations":[{"start":{"line":134,"column":4},"end":{"line":134,"column":4}},{"start":{"line":134,"column":4},"end":{"line":134,"column":4}}]},"19":{"line":134,"type":"binary-expr","locations":[{"start":{"line":134,"column":8},"end":{"line":134,"column":23}},{"start":{"line":134,"column":27},"end":{"line":134,"column":41}}]}},"code":["//#!/usr/bin/env node","var http   = require('http');","var path   = require('path');","var spawn  = require('child_process').spawn;","var qs     = require('querystring');","var subarg = require('subarg');","var argv = subarg(process.argv.slice(2));","","/***"," * Anything in example.json can be passed via"," * commandline args, e.g.:"," *"," * $ index.js --port 3000 --config foo.json --token go-fish \\"," *      --gofish [ --script \"./test/script.js\", --branch \"master\" ]"," *"," *  See `subarg` (https://github.com/substack/subarg) for details on how"," *  this works."," ***/","","var config;","try {","    config = require(path.resolve(process.env.TEST_CONFIG||argv.config||'config.json'));","} catch (e) {","    console.error('RTFM yo! You need a config file!');","    console.trace(e);","    process.exit(1);","}","","config.port = process.env.TEST_PORT || argv.port || config.port || 8000;","","var server = http.createServer(function (request, response) {","","    var json = (request.headers['content-type'] === 'application/json' ||","                    request.headers['Content-Type'] === 'applciation/json');","","    var parts = request.url.split('?');","","    request.pathname = parts[0];","    request.query    = qs.parse(parts[1]);","","    if (request.method !== 'POST' ||","            request.query.token !== config.token) {","        console.error('Forbidden request: %s', request.url);","        response.writeHead(403, {'Content-Type': 'text/plain'});","        response.end('Forbidden 403\\n');","        return;","    }","","    var endpoint = request.pathname;","    if (endpoint.indexOf('/') === 0) {","        endpoint = endpoint.replace('/', '');","    }","","    if (typeof config[endpoint] === 'undefined') {","        console.trace(new Error('404: Missing action: ' + endpoint));","        response.writeHead(404, {'Content-Type': 'text/plain'});","        response.end('File Not Found 404\\n');","        return;","    }","","    var body = '';","    request.on('data', function (data) {","        body += data;","    });","","    request.on('end', function () {","        if (json) {","            body = JSON.parse(body);","        } else {","            body = qs.parse(body);","            Object.keys(body).forEach(function (key) {","                try {","                    body[key] = JSON.parse(body[key]);","                } catch (e) {","                    // don't fail on content that doesn't parse","                }","            });","            body = body.payload;","        }","","        if (body.zen) {","            // Handle github ping by bouncing the zen.","            console.log('Got ping from ' +","                (body.hook && body.hook.url) + ': ' + body.zen);","            response.writeHead(200, {'Content-Type': 'text/plain'});","            response.end(body.zen);","            return;","        }","","        // Github hooks report the branch name in body.ref.","        // Travis hooks report the banch name in body.branch.","        var ref = body.ref || body.branch;","        if (typeof ref === 'undefined') {","            console.error('Invalid post:');","            console.trace(new Error(body));","            response.writeHead(500, {'Content-Type': 'text/plain'});","            response.end('Application Error 500\\n');","            return;","        }","","        var branch = config[endpoint].branch;","        if (branch) {","            var skip = function() {","                console.warn('Skipping request:\\n -> %s doesn\\'t match %s', ref, branch);","                response.writeHead(200, {'Content-Type': 'text/plain'});","                response.end();","            };","","            if (Array.isArray(branch)) {","                if (!branch.some(function(i) { return ref.match(i) })) return skip();","            } else {","                if (!ref.match(branch)) return skip();","            }","","        }","","        if (config[endpoint].script) {","            console.log(' Running:\\n -> %s', config[endpoint].script);","            spawn(path.resolve(process.cwd(), config[endpoint].script), [], {","                detached: true,","                stdio: 'inherit'","            });","            response.writeHead(200, {'Content-Type': 'text/plain'});","            response.end();","            return;","        }","    });","","}).listen(config.port);","","console.log('Server running on port ', config.port);","","Object.keys(config).forEach(function (key) {","    if (key !== \"token\" && key !== \"port\") {","        console.log(' -> /%s', key);","    }","});","","module.exports = server;",""],"l":{"2":4,"3":4,"4":4,"5":4,"6":4,"7":4,"20":4,"21":4,"22":4,"24":4,"25":4,"26":4,"29":4,"31":0,"33":0,"36":0,"38":0,"39":0,"41":0,"43":0,"44":0,"45":0,"46":0,"49":0,"50":0,"51":0,"54":0,"55":0,"56":0,"57":0,"58":0,"61":0,"62":0,"63":0,"66":0,"67":0,"68":0,"70":0,"71":0,"72":0,"73":0,"78":0,"81":0,"83":0,"85":0,"86":0,"87":0,"92":0,"93":0,"94":0,"95":0,"96":0,"97":0,"98":0,"101":0,"102":0,"103":0,"104":0,"105":0,"106":0,"109":0,"110":0,"112":0,"117":0,"118":0,"119":0,"123":0,"124":0,"125":0,"131":0,"133":0,"134":0,"135":0,"139":0}},"/home/travis/build/npmtest/node-npmtest-git-fish/node_modules/git-fish/bin/gitfish":{"path":"/home/travis/build/npmtest/node-npmtest-git-fish/node_modules/git-fish/bin/gitfish","s":{"1":1,"2":1,"3":1,"4":1,"5":1,"6":1,"7":1,"8":1,"9":1,"10":1,"11":0,"12":0,"13":0,"14":1,"15":0,"16":0,"17":1,"18":0,"19":0,"20":1,"21":1,"22":1,"23":0,"24":0,"25":1,"26":0,"27":1,"28":0,"29":1,"30":0,"31":1,"32":1,"33":0,"34":0,"35":0,"36":0,"37":0,"38":0,"39":0,"40":0,"41":0,"42":0,"43":0,"44":0,"45":0,"46":0,"47":0,"48":0,"49":0,"50":0,"51":0,"52":0,"53":0,"54":0,"55":0,"56":0,"57":0,"58":0,"59":0,"60":0,"61":0,"62":0,"63":0,"64":0,"65":0,"66":0,"67":0,"68":0,"69":0,"70":0,"71":0,"72":0,"73":0,"74":0,"75":0,"76":0,"77":0,"78":0,"79":0,"80":0,"81":0,"82":0,"83":0,"84":0,"85":0,"86":0,"87":0,"88":1,"89":1,"90":0,"91":1,"92":1,"93":1,"94":0,"95":0,"96":0,"97":1,"98":1,"99":1,"100":0,"101":0,"102":0,"103":0,"104":0,"105":1,"106":0,"107":0,"108":1,"109":0,"110":0,"111":1,"112":0,"113":1,"114":0,"115":0,"116":0,"117":0,"118":0,"119":0,"120":0,"121":0,"122":0,"123":0,"124":0,"125":0,"126":0,"127":0,"128":0,"129":0,"130":0,"131":0,"132":0,"133":0,"134":0,"135":0,"136":0,"137":0,"138":0,"139":0,"140":0,"141":0,"142":0,"143":0,"144":0,"145":0},"b":{"1":[0,1],"2":[0,1],"3":[0,1],"4":[1,1],"5":[1,1],"6":[0,1],"7":[0,0],"8":[0,0],"9":[0,1],"10":[0,1],"11":[0,1],"12":[0,0,0,0,0,1],"13":[0,0],"14":[0,0],"15":[0,0],"16":[0,0],"17":[0,0],"18":[0,0],"19":[0,0],"20":[0,0],"21":[0,0],"22":[0,0],"23":[0,0],"24":[0,0],"25":[0,1],"26":[0,0],"27":[0,0],"28":[0,0],"29":[0,0],"30":[0,0],"31":[0,0],"32":[0,0],"33":[0,0],"34":[0,0]},"f":{"1":0,"2":0,"3":0,"4":0,"5":0,"6":0,"7":0,"8":0,"9":0,"10":0,"11":0,"12":1,"13":0,"14":0,"15":0,"16":0,"17":0,"18":0,"19":0,"20":0,"21":0,"22":0,"23":0,"24":0,"25":0,"26":0,"27":0,"28":0,"29":0},"fnMap":{"1":{"name":"(anonymous_1)","line":66,"loc":{"start":{"line":66,"column":13},"end":{"line":66,"column":33}}},"2":{"name":"(anonymous_2)","line":80,"loc":{"start":{"line":80,"column":13},"end":{"line":80,"column":33}}},"3":{"name":"(anonymous_3)","line":94,"loc":{"start":{"line":94,"column":31},"end":{"line":94,"column":43}}},"4":{"name":"(anonymous_4)","line":95,"loc":{"start":{"line":95,"column":29},"end":{"line":95,"column":49}}},"5":{"name":"(anonymous_5)","line":112,"loc":{"start":{"line":112,"column":13},"end":{"line":112,"column":33}}},"6":{"name":"(anonymous_6)","line":124,"loc":{"start":{"line":124,"column":27},"end":{"line":124,"column":39}}},"7":{"name":"(anonymous_7)","line":125,"loc":{"start":{"line":125,"column":25},"end":{"line":125,"column":45}}},"8":{"name":"(anonymous_8)","line":135,"loc":{"start":{"line":135,"column":13},"end":{"line":135,"column":33}}},"9":{"name":"(anonymous_9)","line":146,"loc":{"start":{"line":146,"column":27},"end":{"line":146,"column":39}}},"10":{"name":"(anonymous_10)","line":147,"loc":{"start":{"line":147,"column":25},"end":{"line":147,"column":45}}},"11":{"name":"list","line":162,"loc":{"start":{"line":162,"column":0},"end":{"line":162,"column":24}}},"12":{"name":"usage","line":166,"loc":{"start":{"line":166,"column":0},"end":{"line":166,"column":20}}},"13":{"name":"ensureConfig","line":212,"loc":{"start":{"line":212,"column":0},"end":{"line":212,"column":26}}},"14":{"name":"buildConfiguration","line":226,"loc":{"start":{"line":226,"column":0},"end":{"line":226,"column":30}}},"15":{"name":"getHook","line":230,"loc":{"start":{"line":230,"column":4},"end":{"line":230,"column":29}}},"16":{"name":"getHookScript","line":235,"loc":{"start":{"line":235,"column":4},"end":{"line":235,"column":35}}},"17":{"name":"getHookBranch","line":239,"loc":{"start":{"line":239,"column":4},"end":{"line":239,"column":35}}},"18":{"name":"port","line":251,"loc":{"start":{"line":251,"column":8},"end":{"line":251,"column":32}}},"19":{"name":"(anonymous_19)","line":252,"loc":{"start":{"line":252,"column":52},"end":{"line":252,"column":70}}},"20":{"name":"token","line":257,"loc":{"start":{"line":257,"column":8},"end":{"line":257,"column":33}}},"21":{"name":"(anonymous_21)","line":258,"loc":{"start":{"line":258,"column":55},"end":{"line":258,"column":73}}},"22":{"name":"hook","line":263,"loc":{"start":{"line":263,"column":8},"end":{"line":263,"column":32}}},"23":{"name":"(anonymous_23)","line":264,"loc":{"start":{"line":264,"column":54},"end":{"line":264,"column":72}}},"24":{"name":"hookscript","line":273,"loc":{"start":{"line":273,"column":8},"end":{"line":273,"column":38}}},"25":{"name":"(anonymous_25)","line":274,"loc":{"start":{"line":274,"column":59},"end":{"line":274,"column":77}}},"26":{"name":"hookbranch","line":279,"loc":{"start":{"line":279,"column":8},"end":{"line":279,"column":38}}},"27":{"name":"(anonymous_27)","line":280,"loc":{"start":{"line":280,"column":50},"end":{"line":280,"column":68}}},"28":{"name":"(anonymous_28)","line":287,"loc":{"start":{"line":287,"column":7},"end":{"line":287,"column":19}}},"29":{"name":"(anonymous_29)","line":290,"loc":{"start":{"line":290,"column":76},"end":{"line":290,"column":91}}}},"statementMap":{"1":{"start":{"line":2,"column":0},"end":{"line":2,"column":23}},"2":{"start":{"line":3,"column":0},"end":{"line":3,"column":27}},"3":{"start":{"line":4,"column":0},"end":{"line":4,"column":33}},"4":{"start":{"line":5,"column":0},"end":{"line":5,"column":31}},"5":{"start":{"line":6,"column":0},"end":{"line":6,"column":29}},"6":{"start":{"line":7,"column":0},"end":{"line":7,"column":41}},"7":{"start":{"line":9,"column":0},"end":{"line":9,"column":29}},"8":{"start":{"line":10,"column":0},"end":{"line":10,"column":56}},"9":{"start":{"line":13,"column":0},"end":{"line":20,"column":2}},"10":{"start":{"line":23,"column":0},"end":{"line":27,"column":1}},"11":{"start":{"line":24,"column":4},"end":{"line":24,"column":30}},"12":{"start":{"line":25,"column":4},"end":{"line":25,"column":37}},"13":{"start":{"line":26,"column":4},"end":{"line":26,"column":38}},"14":{"start":{"line":29,"column":0},"end":{"line":32,"column":1}},"15":{"start":{"line":30,"column":4},"end":{"line":30,"column":35}},"16":{"start":{"line":31,"column":4},"end":{"line":31,"column":36}},"17":{"start":{"line":34,"column":0},"end":{"line":37,"column":1}},"18":{"start":{"line":35,"column":4},"end":{"line":35,"column":36}},"19":{"start":{"line":36,"column":4},"end":{"line":36,"column":37}},"20":{"start":{"line":39,"column":0},"end":{"line":39,"column":53}},"21":{"start":{"line":40,"column":0},"end":{"line":40,"column":53}},"22":{"start":{"line":42,"column":0},"end":{"line":46,"column":1}},"23":{"start":{"line":44,"column":4},"end":{"line":44,"column":54}},"24":{"start":{"line":45,"column":4},"end":{"line":45,"column":54}},"25":{"start":{"line":48,"column":0},"end":{"line":50,"column":1}},"26":{"start":{"line":49,"column":4},"end":{"line":49,"column":31}},"27":{"start":{"line":51,"column":0},"end":{"line":53,"column":1}},"28":{"start":{"line":52,"column":4},"end":{"line":52,"column":35}},"29":{"start":{"line":54,"column":0},"end":{"line":56,"column":1}},"30":{"start":{"line":55,"column":4},"end":{"line":55,"column":31}},"31":{"start":{"line":58,"column":0},"end":{"line":58,"column":24}},"32":{"start":{"line":61,"column":0},"end":{"line":160,"column":1}},"33":{"start":{"line":63,"column":8},"end":{"line":63,"column":29}},"34":{"start":{"line":64,"column":8},"end":{"line":64,"column":14}},"35":{"start":{"line":66,"column":8},"end":{"line":77,"column":11}},"36":{"start":{"line":67,"column":12},"end":{"line":69,"column":13}},"37":{"start":{"line":68,"column":16},"end":{"line":68,"column":27}},"38":{"start":{"line":71,"column":12},"end":{"line":76,"column":13}},"39":{"start":{"line":72,"column":16},"end":{"line":72,"column":60}},"40":{"start":{"line":73,"column":16},"end":{"line":73,"column":33}},"41":{"start":{"line":75,"column":16},"end":{"line":75,"column":54}},"42":{"start":{"line":78,"column":8},"end":{"line":78,"column":14}},"43":{"start":{"line":80,"column":8},"end":{"line":109,"column":11}},"44":{"start":{"line":81,"column":12},"end":{"line":83,"column":13}},"45":{"start":{"line":82,"column":16},"end":{"line":82,"column":27}},"46":{"start":{"line":85,"column":12},"end":{"line":108,"column":13}},"47":{"start":{"line":86,"column":16},"end":{"line":86,"column":60}},"48":{"start":{"line":87,"column":16},"end":{"line":87,"column":33}},"49":{"start":{"line":89,"column":16},"end":{"line":107,"column":17}},"50":{"start":{"line":90,"column":20},"end":{"line":90,"column":53}},"51":{"start":{"line":91,"column":20},"end":{"line":91,"column":57}},"52":{"start":{"line":94,"column":20},"end":{"line":103,"column":28}},"53":{"start":{"line":95,"column":24},"end":{"line":102,"column":27}},"54":{"start":{"line":96,"column":28},"end":{"line":101,"column":29}},"55":{"start":{"line":97,"column":32},"end":{"line":97,"column":61}},"56":{"start":{"line":98,"column":32},"end":{"line":98,"column":49}},"57":{"start":{"line":100,"column":32},"end":{"line":100,"column":108}},"58":{"start":{"line":105,"column":20},"end":{"line":105,"column":63}},"59":{"start":{"line":106,"column":20},"end":{"line":106,"column":47}},"60":{"start":{"line":110,"column":8},"end":{"line":110,"column":14}},"61":{"start":{"line":112,"column":8},"end":{"line":132,"column":15}},"62":{"start":{"line":113,"column":12},"end":{"line":115,"column":13}},"63":{"start":{"line":114,"column":16},"end":{"line":114,"column":27}},"64":{"start":{"line":117,"column":12},"end":{"line":131,"column":13}},"65":{"start":{"line":118,"column":16},"end":{"line":118,"column":54}},"66":{"start":{"line":120,"column":16},"end":{"line":120,"column":49}},"67":{"start":{"line":121,"column":16},"end":{"line":121,"column":33}},"68":{"start":{"line":122,"column":16},"end":{"line":122,"column":37}},"69":{"start":{"line":124,"column":16},"end":{"line":130,"column":24}},"70":{"start":{"line":125,"column":20},"end":{"line":129,"column":23}},"71":{"start":{"line":126,"column":24},"end":{"line":128,"column":25}},"72":{"start":{"line":127,"column":28},"end":{"line":127,"column":54}},"73":{"start":{"line":133,"column":8},"end":{"line":133,"column":14}},"74":{"start":{"line":135,"column":8},"end":{"line":157,"column":11}},"75":{"start":{"line":136,"column":12},"end":{"line":138,"column":13}},"76":{"start":{"line":137,"column":16},"end":{"line":137,"column":27}},"77":{"start":{"line":140,"column":12},"end":{"line":156,"column":13}},"78":{"start":{"line":141,"column":16},"end":{"line":141,"column":54}},"79":{"start":{"line":143,"column":16},"end":{"line":143,"column":50}},"80":{"start":{"line":144,"column":16},"end":{"line":144,"column":40}},"81":{"start":{"line":146,"column":16},"end":{"line":155,"column":24}},"82":{"start":{"line":147,"column":20},"end":{"line":154,"column":23}},"83":{"start":{"line":148,"column":24},"end":{"line":153,"column":25}},"84":{"start":{"line":149,"column":28},"end":{"line":149,"column":59}},"85":{"start":{"line":150,"column":28},"end":{"line":150,"column":45}},"86":{"start":{"line":152,"column":28},"end":{"line":152,"column":104}},"87":{"start":{"line":158,"column":8},"end":{"line":158,"column":14}},"88":{"start":{"line":159,"column":13},"end":{"line":159,"column":21}},"89":{"start":{"line":162,"column":0},"end":{"line":164,"column":1}},"90":{"start":{"line":163,"column":4},"end":{"line":163,"column":35}},"91":{"start":{"line":166,"column":0},"end":{"line":208,"column":1}},"92":{"start":{"line":167,"column":4},"end":{"line":167,"column":23}},"93":{"start":{"line":168,"column":4},"end":{"line":172,"column":5}},"94":{"start":{"line":169,"column":8},"end":{"line":169,"column":43}},"95":{"start":{"line":170,"column":8},"end":{"line":170,"column":27}},"96":{"start":{"line":171,"column":8},"end":{"line":171,"column":23}},"97":{"start":{"line":174,"column":4},"end":{"line":205,"column":76}},"98":{"start":{"line":207,"column":4},"end":{"line":207,"column":29}},"99":{"start":{"line":212,"column":0},"end":{"line":224,"column":1}},"100":{"start":{"line":214,"column":4},"end":{"line":216,"column":5}},"101":{"start":{"line":215,"column":8},"end":{"line":215,"column":56}},"102":{"start":{"line":219,"column":4},"end":{"line":221,"column":5}},"103":{"start":{"line":220,"column":8},"end":{"line":220,"column":64}},"104":{"start":{"line":223,"column":4},"end":{"line":223,"column":14}},"105":{"start":{"line":226,"column":0},"end":{"line":299,"column":1}},"106":{"start":{"line":227,"column":4},"end":{"line":227,"column":15}},"107":{"start":{"line":228,"column":4},"end":{"line":228,"column":15}},"108":{"start":{"line":230,"column":4},"end":{"line":233,"column":5}},"109":{"start":{"line":231,"column":8},"end":{"line":231,"column":31}},"110":{"start":{"line":232,"column":8},"end":{"line":232,"column":30}},"111":{"start":{"line":235,"column":4},"end":{"line":237,"column":5}},"112":{"start":{"line":236,"column":8},"end":{"line":236,"column":41}},"113":{"start":{"line":239,"column":4},"end":{"line":241,"column":5}},"114":{"start":{"line":240,"column":8},"end":{"line":240,"column":41}},"115":{"start":{"line":243,"column":4},"end":{"line":243,"column":39}},"116":{"start":{"line":244,"column":4},"end":{"line":244,"column":36}},"117":{"start":{"line":245,"column":4},"end":{"line":248,"column":7}},"118":{"start":{"line":250,"column":4},"end":{"line":298,"column":7}},"119":{"start":{"line":252,"column":12},"end":{"line":255,"column":15}},"120":{"start":{"line":253,"column":16},"end":{"line":253,"column":65}},"121":{"start":{"line":254,"column":16},"end":{"line":254,"column":27}},"122":{"start":{"line":258,"column":12},"end":{"line":261,"column":15}},"123":{"start":{"line":259,"column":16},"end":{"line":259,"column":54}},"124":{"start":{"line":260,"column":16},"end":{"line":260,"column":27}},"125":{"start":{"line":264,"column":12},"end":{"line":271,"column":15}},"126":{"start":{"line":265,"column":16},"end":{"line":265,"column":53}},"127":{"start":{"line":266,"column":16},"end":{"line":268,"column":17}},"128":{"start":{"line":267,"column":20},"end":{"line":267,"column":49}},"129":{"start":{"line":269,"column":16},"end":{"line":269,"column":31}},"130":{"start":{"line":270,"column":16},"end":{"line":270,"column":27}},"131":{"start":{"line":274,"column":12},"end":{"line":277,"column":15}},"132":{"start":{"line":275,"column":16},"end":{"line":275,"column":95}},"133":{"start":{"line":276,"column":16},"end":{"line":276,"column":27}},"134":{"start":{"line":280,"column":12},"end":{"line":285,"column":15}},"135":{"start":{"line":281,"column":16},"end":{"line":283,"column":17}},"136":{"start":{"line":282,"column":20},"end":{"line":282,"column":53}},"137":{"start":{"line":284,"column":16},"end":{"line":284,"column":27}},"138":{"start":{"line":288,"column":8},"end":{"line":288,"column":21}},"139":{"start":{"line":289,"column":8},"end":{"line":289,"column":61}},"140":{"start":{"line":290,"column":8},"end":{"line":297,"column":11}},"141":{"start":{"line":291,"column":12},"end":{"line":294,"column":13}},"142":{"start":{"line":292,"column":16},"end":{"line":292,"column":35}},"143":{"start":{"line":293,"column":16},"end":{"line":293,"column":32}},"144":{"start":{"line":295,"column":12},"end":{"line":295,"column":57}},"145":{"start":{"line":296,"column":12},"end":{"line":296,"column":28}}},"branchMap":{"1":{"line":23,"type":"if","locations":[{"start":{"line":23,"column":0},"end":{"line":23,"column":0}},{"start":{"line":23,"column":0},"end":{"line":23,"column":0}}]},"2":{"line":29,"type":"if","locations":[{"start":{"line":29,"column":0},"end":{"line":29,"column":0}},{"start":{"line":29,"column":0},"end":{"line":29,"column":0}}]},"3":{"line":34,"type":"if","locations":[{"start":{"line":34,"column":0},"end":{"line":34,"column":0}},{"start":{"line":34,"column":0},"end":{"line":34,"column":0}}]},"4":{"line":39,"type":"binary-expr","locations":[{"start":{"line":39,"column":18},"end":{"line":39,"column":30}},{"start":{"line":39,"column":34},"end":{"line":39,"column":52}}]},"5":{"line":40,"type":"binary-expr","locations":[{"start":{"line":40,"column":18},"end":{"line":40,"column":30}},{"start":{"line":40,"column":34},"end":{"line":40,"column":52}}]},"6":{"line":42,"type":"if","locations":[{"start":{"line":42,"column":0},"end":{"line":42,"column":0}},{"start":{"line":42,"column":0},"end":{"line":42,"column":0}}]},"7":{"line":44,"type":"binary-expr","locations":[{"start":{"line":44,"column":22},"end":{"line":44,"column":34}},{"start":{"line":44,"column":38},"end":{"line":44,"column":53}}]},"8":{"line":45,"type":"binary-expr","locations":[{"start":{"line":45,"column":22},"end":{"line":45,"column":34}},{"start":{"line":45,"column":38},"end":{"line":45,"column":53}}]},"9":{"line":48,"type":"if","locations":[{"start":{"line":48,"column":0},"end":{"line":48,"column":0}},{"start":{"line":48,"column":0},"end":{"line":48,"column":0}}]},"10":{"line":51,"type":"if","locations":[{"start":{"line":51,"column":0},"end":{"line":51,"column":0}},{"start":{"line":51,"column":0},"end":{"line":51,"column":0}}]},"11":{"line":54,"type":"if","locations":[{"start":{"line":54,"column":0},"end":{"line":54,"column":0}},{"start":{"line":54,"column":0},"end":{"line":54,"column":0}}]},"12":{"line":61,"type":"switch","locations":[{"start":{"line":62,"column":4},"end":{"line":64,"column":14}},{"start":{"line":65,"column":4},"end":{"line":78,"column":14}},{"start":{"line":79,"column":4},"end":{"line":110,"column":14}},{"start":{"line":111,"column":4},"end":{"line":133,"column":14}},{"start":{"line":134,"column":4},"end":{"line":158,"column":14}},{"start":{"line":159,"column":4},"end":{"line":159,"column":21}}]},"13":{"line":67,"type":"if","locations":[{"start":{"line":67,"column":12},"end":{"line":67,"column":12}},{"start":{"line":67,"column":12},"end":{"line":67,"column":12}}]},"14":{"line":71,"type":"if","locations":[{"start":{"line":71,"column":12},"end":{"line":71,"column":12}},{"start":{"line":71,"column":12},"end":{"line":71,"column":12}}]},"15":{"line":81,"type":"if","locations":[{"start":{"line":81,"column":12},"end":{"line":81,"column":12}},{"start":{"line":81,"column":12},"end":{"line":81,"column":12}}]},"16":{"line":85,"type":"if","locations":[{"start":{"line":85,"column":12},"end":{"line":85,"column":12}},{"start":{"line":85,"column":12},"end":{"line":85,"column":12}}]},"17":{"line":89,"type":"if","locations":[{"start":{"line":89,"column":16},"end":{"line":89,"column":16}},{"start":{"line":89,"column":16},"end":{"line":89,"column":16}}]},"18":{"line":96,"type":"if","locations":[{"start":{"line":96,"column":28},"end":{"line":96,"column":28}},{"start":{"line":96,"column":28},"end":{"line":96,"column":28}}]},"19":{"line":113,"type":"if","locations":[{"start":{"line":113,"column":12},"end":{"line":113,"column":12}},{"start":{"line":113,"column":12},"end":{"line":113,"column":12}}]},"20":{"line":117,"type":"if","locations":[{"start":{"line":117,"column":12},"end":{"line":117,"column":12}},{"start":{"line":117,"column":12},"end":{"line":117,"column":12}}]},"21":{"line":126,"type":"if","locations":[{"start":{"line":126,"column":24},"end":{"line":126,"column":24}},{"start":{"line":126,"column":24},"end":{"line":126,"column":24}}]},"22":{"line":136,"type":"if","locations":[{"start":{"line":136,"column":12},"end":{"line":136,"column":12}},{"start":{"line":136,"column":12},"end":{"line":136,"column":12}}]},"23":{"line":140,"type":"if","locations":[{"start":{"line":140,"column":12},"end":{"line":140,"column":12}},{"start":{"line":140,"column":12},"end":{"line":140,"column":12}}]},"24":{"line":148,"type":"if","locations":[{"start":{"line":148,"column":24},"end":{"line":148,"column":24}},{"start":{"line":148,"column":24},"end":{"line":148,"column":24}}]},"25":{"line":168,"type":"if","locations":[{"start":{"line":168,"column":4},"end":{"line":168,"column":4}},{"start":{"line":168,"column":4},"end":{"line":168,"column":4}}]},"26":{"line":214,"type":"if","locations":[{"start":{"line":214,"column":4},"end":{"line":214,"column":4}},{"start":{"line":214,"column":4},"end":{"line":214,"column":4}}]},"27":{"line":219,"type":"if","locations":[{"start":{"line":219,"column":4},"end":{"line":219,"column":4}},{"start":{"line":219,"column":4},"end":{"line":219,"column":4}}]},"28":{"line":253,"type":"binary-expr","locations":[{"start":{"line":253,"column":35},"end":{"line":253,"column":41}},{"start":{"line":253,"column":45},"end":{"line":253,"column":51}}]},"29":{"line":259,"type":"binary-expr","locations":[{"start":{"line":259,"column":27},"end":{"line":259,"column":33}},{"start":{"line":259,"column":37},"end":{"line":259,"column":45}}]},"30":{"line":265,"type":"binary-expr","locations":[{"start":{"line":265,"column":26},"end":{"line":265,"column":32}},{"start":{"line":265,"column":36},"end":{"line":265,"column":44}}]},"31":{"line":266,"type":"if","locations":[{"start":{"line":266,"column":16},"end":{"line":266,"column":16}},{"start":{"line":266,"column":16},"end":{"line":266,"column":16}}]},"32":{"line":275,"type":"binary-expr","locations":[{"start":{"line":275,"column":36},"end":{"line":275,"column":42}},{"start":{"line":275,"column":46},"end":{"line":275,"column":86}}]},"33":{"line":281,"type":"if","locations":[{"start":{"line":281,"column":16},"end":{"line":281,"column":16}},{"start":{"line":281,"column":16},"end":{"line":281,"column":16}}]},"34":{"line":291,"type":"if","locations":[{"start":{"line":291,"column":12},"end":{"line":291,"column":12}},{"start":{"line":291,"column":12},"end":{"line":291,"column":12}}]}},"code":["//#!/usr/bin/env node","var fs = require('fs');","var path = require('path');","var forever = require('forever');","var subarg = require('subarg');","var async = require('async');","var argv = subarg(process.argv.slice(2));","","var action = argv._.join(''); // join action to fail on multiple or error","var daemonize = (typeof argv.daemonize !== 'undefined');","","// forced forever options","var options = {","    silent: false,","    killTree: true,","    minUptime: 4000,","    spinSleepTime: 2000,","    sourceDir: path.resolve(__dirname, '..'),","    options: []","};","","// read forever options from command line args or default","if (argv.config) {","    ensureConfig(argv.config);","    options.options.push('--config');","    options.options.push(argv.config);","}","","if (argv.port) {","    options.options.push('--port');","    options.options.push(argv.port);","}","","if (argv.token) {","    options.options.push('--token');","    options.options.push(argv.token);","}","","options.logFile = argv.logFile || '/tmp/gitfish.log';","options.pidFile = argv.pidFile || '/tmp/gitfish.pid';","","if (daemonize) {","    // log to console when not daemonized","    options.outFile = argv.outFile || options.logFile;","    options.errFile = argv.errFile || options.logFile;","}","","if (argv.plain) {","    options.plain = argv.plain;","}","if (argv.verbose) {","    options.verbose = argv.verbose;","}","if (argv.debug) {","    options.debug = argv.debug;","}","","var script = 'index.js';","//var gitfish = new (forever.Monitor)(script, options);","","switch (action) {","    case 'config':","        buildConfiguration();","        break;","    case 'status':","        list(function (err, msg) {","            if (err) {","                usage(err);","            }","","            if (msg) {","                console.log('gitfish is currently running');","                console.log(msg);","            } else {","                console.log('gitfish is not running');","            }","        });","        break;","    case 'start':","        list(function (err, msg) {","            if (err) {","                usage(err);","            }","","            if (msg) {","                console.log('gitfish is currently running');","                console.log(msg);","            } else {","                if (daemonize) {","                    console.log('Starting gitfish:');","                    forever.startDaemon(script, options);","","                    // give it a sec...","                    setTimeout(function () {","                        list(function (err, msg) {","                            if (msg) {","                                console.log('> started as:');","                                console.log(msg);","                            } else {","                                console.trace(new Error('running gitfish instance expected but not found'));","                            }","                        });","                    }, 500);","                } else {","                    var child = forever.start(script, options);","                    forever.startServer(child);","                }","            }","        });","        break;","    case 'stop':","        list(function (err, msg) {","            if (err) {","                usage(err);","            }","","            if (!msg) {","                console.log('gitfish is not running');","            } else {","                console.log('Stopping gitfish:');","                console.log(msg);","                forever.stop(script);","","                setTimeout(function () {","                    list(function (err, msg) {","                        if (!msg) {","                            console.log('> stopped.');","                        }","                    });","                }, 500);","            }","            });","        break;","    case 'restart':","        list(function (err, msg) {","            if (err) {","                usage(err);","            }","","            if (!msg) {","                console.log('gitfish is not running');","            } else {","                console.log('Restarting gitfish');","                forever.restart(script);","                // give it a sec...","                setTimeout(function () {","                    list(function (err, msg) {","                        if (msg) {","                            console.log('> restarted as:');","                            console.log(msg);","                        } else {","                            console.trace(new Error('running gitfish instance expected but not found'));","                        }","                    });","                }, 500);","            }","        });","        break;","    default: usage();","}","","function list(callback) {","    forever.list(script, callback);","}","","function usage(err) {","    var exitStatus = 0;","    if (err) {","        console.error('An error occured.');","        console.trace(err);","        exitStatus = 1;","    }","","    console.log('Usage: gitfish [forever options] action\\n'","              + '\\n'","              + ' Gitfish Actions\\n'","              + '\\n'","              + '   config   build initial config file\\n'","              + '   start    start gitfish\\n'","              + '   help     show this message\\n'","              + '\\n'","              + ' Daemonized Actions\\n'","              + '\\n'","              + '   stop     stop gitfish (when daemonized)\\n'","              + '   restart  restart gitfish (when daemonized)\\n'","              + '   status   status of gitfish (when de\\n'","              + '\\n'","              + ' Optional Gitfish Options\\n'","              + '\\n'","              + '   --daemonize : start gitfish daemonized\\n'","              + '   --config    : default is `$CWD/config.json`\\n'","              + '   --port      : overide port from config\\n'","              + '   --token     : overide token from config\\n'","              + '\\n'","              + ' Supported Forever Options\\n'","              + '\\n'","              + '   --logFile [file] : forever log file location # default: /tmp/gitfish.log\\n'","              + '   --outFile [file] : stdout file location      # default: forever log file\\n'","              + '   --errFile [file] : stderr file location      # default: forever log file\\n'","              + '   --pidFile [file] : pid file location         # default: /tmp/gitfish.pid\\n'","              + '   --max     [n]    : max restarts on error\\n'","              + '   --plain          : disable command line colors\\n'","              + '   --verbose        : verbose forever output\\n'","              + '\\n'","              + ' What is forever? https://github.com/nodejitsu/forever\\n');","","    process.exit(exitStatus);","}","","","// config handling","function ensureConfig(cf) {","    // Default config file, if not specified.","    if (typeof cf === 'undefined') {","        cf = path.resolve(process.cwd(), 'config.json');","    }","","    // Config file must exist.","    if (!fs.existsSync(cf)) {","        usage(new Error('Config file ('+cf+') wasn\\'t found.'));","    }","","    return cf;","}","","function buildConfiguration() {","    var c = {};","    var script;","","    function getHook(answer) {","        script = answer.trim();","        c[script] = undefined;","    }","","    function getHookScript(answer) {","        c[script].script = answer.trim();","    }","","    function getHookBranch(answer) {","        c[script].branch = answer.trim();","    }","","    var readline = require('readline');","    var async    = require('async');","    var read = readline.createInterface({","      input: process.stdin,","      output: process.stdout","    });","","    async.series([","        function port(callback) {","            read.question('Listener port? [8000] ', function (answer) {","                c.port = parseInt((answer || '8000').trim(), 10);","                callback();","            });","        },","        function token(callback) {","            read.question('Security token? [secret] ', function (answer) {","                c.token = (answer || 'secret').trim();","                callback();","            });","        },","        function hook(callback) {","            read.question('Hook endpoint? [script] ', function (answer) {","                script = (answer || 'script').trim();","                if (script.indexOf('/') === 0) {","                    script = script.substring(1);","                }","                c[script] = {};","                callback();","            });","        },","        function hookscript(callback) {","            read.question('Hook script? [PWD/script.js] ', function (answer) {","                c[script].script = (answer || path.resolve(process.cwd(), 'script.js')).trim();","                callback();","            });","        },","        function hookbranch(callback) {","            read.question('Hook branch filter? ', function (answer) {","                if (answer) {","                    c[script].branch = answer.trim();","                }","                callback();","            });","        }","    ], function () {","        read.close();","        var out = path.resolve(process.cwd(), 'config.json');","        fs.writeFile(out, JSON.stringify(c, null, 2), { encoding: 'utf8' }, function (err) {","            if (err) {","                console.trace(err);","                process.exit(1);","            }","            console.log('Savd configuration to %s', out);","            process.exit(0);","        });","    });","}","",""],"l":{"2":1,"3":1,"4":1,"5":1,"6":1,"7":1,"9":1,"10":1,"13":1,"23":1,"24":0,"25":0,"26":0,"29":1,"30":0,"31":0,"34":1,"35":0,"36":0,"39":1,"40":1,"42":1,"44":0,"45":0,"48":1,"49":0,"51":1,"52":0,"54":1,"55":0,"58":1,"61":1,"63":0,"64":0,"66":0,"67":0,"68":0,"71":0,"72":0,"73":0,"75":0,"78":0,"80":0,"81":0,"82":0,"85":0,"86":0,"87":0,"89":0,"90":0,"91":0,"94":0,"95":0,"96":0,"97":0,"98":0,"100":0,"105":0,"106":0,"110":0,"112":0,"113":0,"114":0,"117":0,"118":0,"120":0,"121":0,"122":0,"124":0,"125":0,"126":0,"127":0,"133":0,"135":0,"136":0,"137":0,"140":0,"141":0,"143":0,"144":0,"146":0,"147":0,"148":0,"149":0,"150":0,"152":0,"158":0,"159":1,"162":1,"163":0,"166":1,"167":1,"168":1,"169":0,"170":0,"171":0,"174":1,"207":1,"212":1,"214":0,"215":0,"219":0,"220":0,"223":0,"226":1,"227":0,"228":0,"230":1,"231":0,"232":0,"235":1,"236":0,"239":1,"240":0,"243":0,"244":0,"245":0,"250":0,"252":0,"253":0,"254":0,"258":0,"259":0,"260":0,"264":0,"265":0,"266":0,"267":0,"269":0,"270":0,"274":0,"275":0,"276":0,"280":0,"281":0,"282":0,"284":0,"288":0,"289":0,"290":0,"291":0,"292":0,"293":0,"295":0,"296":0}},"/home/travis/build/npmtest/node-npmtest-git-fish/node_modules/git-fish/bin/gitfish.js":{"path":"/home/travis/build/npmtest/node-npmtest-git-fish/node_modules/git-fish/bin/gitfish.js","s":{"1":2},"b":{"1":[0,0]},"f":{},"fnMap":{},"statementMap":{"1":{"start":{"line":1,"column":0},"end":{"line":1,"column":61}}},"branchMap":{"1":{"line":1,"type":"binary-expr","locations":[{"start":{"line":1,"column":25},"end":{"line":1,"column":40}},{"start":{"line":1,"column":44},"end":{"line":1,"column":57}}]}},"code":["require('../')({ config: process.argv[2] || 'config.json' });",""],"l":{"1":2}},"/home/travis/build/npmtest/node-npmtest-git-fish/node_modules/git-fish/lib/logger.js":{"path":"/home/travis/build/npmtest/node-npmtest-git-fish/node_modules/git-fish/lib/logger.js","s":{"1":1,"2":1,"3":1,"4":1},"b":{},"f":{},"fnMap":{},"statementMap":{"1":{"start":{"line":1,"column":0},"end":{"line":1,"column":35}},"2":{"start":{"line":2,"column":0},"end":{"line":2,"column":83}},"3":{"start":{"line":3,"column":0},"end":{"line":9,"column":3}},"4":{"start":{"line":11,"column":0},"end":{"line":11,"column":24}}},"branchMap":{},"code":["var winston   = require('winston');","var transport = new (winston.transports.Console)({ json: false, timestamp: true });","var logger    = new (winston.Logger)({","    level: 'info',","    json: false,","    timestamp: true,","    exitOnError: false,","    transports: [ transport ]","});","","module.exports = logger;","",""],"l":{"1":1,"2":1,"3":1,"11":1}}}